2016-03-26 18:11:09 Error: [MissingControllerException] Controller class LoginStyle.cssController could not be found.
Exception Attributes: array (
  'class' => 'LoginStyle.cssController',
  'plugin' => NULL,
)
Request URL: /cakephp_admin/login_style.css
Stack Trace:
#0 /vagrant/cakephp_admin/app/webroot/index.php(118): Dispatcher->dispatch(Object(CakeRequest), Object(CakeResponse))
#1 {main}
2016-03-26 18:11:12 Error: [MissingControllerException] Controller class LoginStyle.cssController could not be found.
Exception Attributes: array (
  'class' => 'LoginStyle.cssController',
  'plugin' => NULL,
)
Request URL: /cakephp_admin/login_style.css
Stack Trace:
#0 /vagrant/cakephp_admin/app/webroot/index.php(118): Dispatcher->dispatch(Object(CakeRequest), Object(CakeResponse))
#1 {main}
2016-03-26 18:11:19 Error: [MissingControllerException] Controller class LoginStyle.cssController could not be found.
Exception Attributes: array (
  'class' => 'LoginStyle.cssController',
  'plugin' => NULL,
)
Request URL: /cakephp_admin/login_style.css
Stack Trace:
#0 /vagrant/cakephp_admin/app/webroot/index.php(118): Dispatcher->dispatch(Object(CakeRequest), Object(CakeResponse))
#1 {main}
2016-03-26 18:12:05 Error: [MissingControllerException] Controller class LoginStyle.cssController could not be found.
Exception Attributes: array (
  'class' => 'LoginStyle.cssController',
  'plugin' => NULL,
)
Request URL: /cakephp_admin/login_style.css
Stack Trace:
#0 /vagrant/cakephp_admin/app/webroot/index.php(118): Dispatcher->dispatch(Object(CakeRequest), Object(CakeResponse))
#1 {main}
2016-03-26 18:12:08 Error: [MissingControllerException] Controller class LoginStyle.cssController could not be found.
Exception Attributes: array (
  'class' => 'LoginStyle.cssController',
  'plugin' => NULL,
)
Request URL: /cakephp_admin/login_style.css
Stack Trace:
#0 /vagrant/cakephp_admin/app/webroot/index.php(118): Dispatcher->dispatch(Object(CakeRequest), Object(CakeResponse))
#1 {main}
2016-03-26 18:12:20 Error: [MissingControllerException] Controller class LoginStyle.cssController could not be found.
Exception Attributes: array (
  'class' => 'LoginStyle.cssController',
  'plugin' => NULL,
)
Request URL: /cakephp_admin/login_style.css
Stack Trace:
#0 /vagrant/cakephp_admin/app/webroot/index.php(118): Dispatcher->dispatch(Object(CakeRequest), Object(CakeResponse))
#1 {main}
2016-03-26 18:12:26 Error: [MissingControllerException] Controller class UserController could not be found.
Exception Attributes: array (
  'class' => 'UserController',
  'plugin' => NULL,
)
Request URL: /cakephp_admin/user
Stack Trace:
#0 /vagrant/cakephp_admin/app/webroot/index.php(118): Dispatcher->dispatch(Object(CakeRequest), Object(CakeResponse))
#1 {main}
2016-03-26 18:12:26 Error: [MissingControllerException] Controller class LoginStyle.cssController could not be found.
Exception Attributes: array (
  'class' => 'LoginStyle.cssController',
  'plugin' => NULL,
)
Request URL: /cakephp_admin/login_style.css
Stack Trace:
#0 /vagrant/cakephp_admin/app/webroot/index.php(118): Dispatcher->dispatch(Object(CakeRequest), Object(CakeResponse))
#1 {main}
2016-03-26 18:12:39 Error: [MissingActionException] Action UsersController::index() could not be found.
Exception Attributes: array (
  'controller' => 'UsersController',
  'action' => 'index',
)
Request URL: /cakephp_admin/users
Stack Trace:
#0 /vagrant/cakephp_admin/lib/Cake/Routing/Dispatcher.php(193): Controller->invokeAction(Object(CakeRequest))
#1 /vagrant/cakephp_admin/lib/Cake/Routing/Dispatcher.php(167): Dispatcher->_invoke(Object(UsersController), Object(CakeRequest))
#2 /vagrant/cakephp_admin/app/webroot/index.php(118): Dispatcher->dispatch(Object(CakeRequest), Object(CakeResponse))
#3 {main}
2016-03-26 18:12:39 Error: [MissingControllerException] Controller class LoginStyle.cssController could not be found.
Exception Attributes: array (
  'class' => 'LoginStyle.cssController',
  'plugin' => NULL,
)
Request URL: /cakephp_admin/login_style.css
Stack Trace:
#0 /vagrant/cakephp_admin/app/webroot/index.php(118): Dispatcher->dispatch(Object(CakeRequest), Object(CakeResponse))
#1 {main}
2016-03-26 18:12:49 Error: [MissingActionException] Action UsersController::login_style.css() could not be found.
Exception Attributes: array (
  'controller' => 'UsersController',
  'action' => 'login_style.css',
)
Request URL: /cakephp_admin/users/login_style.css
Stack Trace:
#0 /vagrant/cakephp_admin/lib/Cake/Routing/Dispatcher.php(193): Controller->invokeAction(Object(CakeRequest))
#1 /vagrant/cakephp_admin/lib/Cake/Routing/Dispatcher.php(167): Dispatcher->_invoke(Object(UsersController), Object(CakeRequest))
#2 /vagrant/cakephp_admin/app/webroot/index.php(118): Dispatcher->dispatch(Object(CakeRequest), Object(CakeResponse))
#3 {main}
2016-03-27 20:56:05 Error: Fatal Error (1): Call to undefined method Security::hash() in [/vagrant/cakephp_admin/lib/Cake/Controller/Component/Auth/SimplePasswordHasher.php, line 41]
2016-03-27 20:56:05 Error: [FatalErrorException] Call to undefined method Security::hash()
Request URL: /cakephp_admin/users/login
Stack Trace:
#0 /vagrant/cakephp_admin/lib/Cake/Error/ErrorHandler.php(213): ErrorHandler::handleFatalError(1, 'Call to undefin...', '/vagrant/cakeph...', 41)
#1 [internal function]: ErrorHandler::handleError(1, 'Call to undefin...', '/vagrant/cakeph...', 41, Array)
#2 /vagrant/cakephp_admin/lib/Cake/Core/App.php(933): call_user_func('ErrorHandler::h...', 1, 'Call to undefin...', '/vagrant/cakeph...', 41, Array)
#3 /vagrant/cakephp_admin/lib/Cake/Core/App.php(906): App::_checkFatalError()
#4 [internal function]: App::shutdown()
#5 {main}
2016-03-27 21:00:19 Error: [CakeException] Password hasher class "None" was not found.
Request URL: /cakephp_admin/users/login
Stack Trace:
#0 /vagrant/cakephp_admin/lib/Cake/Controller/Component/Auth/BaseAuthenticate.php(138): BaseAuthenticate->passwordHasher()
#1 /vagrant/cakephp_admin/lib/Cake/Controller/Component/Auth/FormAuthenticate.php(79): BaseAuthenticate->_findUser('12345', 'test')
#2 /vagrant/cakephp_admin/lib/Cake/Controller/Component/AuthComponent.php(762): FormAuthenticate->authenticate(Object(CakeRequest), Object(CakeResponse))
#3 /vagrant/cakephp_admin/lib/Cake/Controller/Component/AuthComponent.php(607): AuthComponent->identify(Object(CakeRequest), Object(CakeResponse))
#4 /vagrant/cakephp_admin/app/Controller/UsersController.php(26): AuthComponent->login()
#5 [internal function]: UsersController->login()
#6 /vagrant/cakephp_admin/lib/Cake/Controller/Controller.php(490): ReflectionMethod->invokeArgs(Object(UsersController), Array)
#7 /vagrant/cakephp_admin/lib/Cake/Routing/Dispatcher.php(193): Controller->invokeAction(Object(CakeRequest))
#8 /vagrant/cakephp_admin/lib/Cake/Routing/Dispatcher.php(167): Dispatcher->_invoke(Object(UsersController), Object(CakeRequest))
#9 /vagrant/cakephp_admin/app/webroot/index.php(118): Dispatcher->dispatch(Object(CakeRequest), Object(CakeResponse))
#10 {main}
2016-03-27 21:00:31 Error: [CakeException] Password hasher class "None" was not found.
Request URL: /cakephp_admin/users/login
Stack Trace:
#0 /vagrant/cakephp_admin/lib/Cake/Controller/Component/Auth/BaseAuthenticate.php(138): BaseAuthenticate->passwordHasher()
#1 /vagrant/cakephp_admin/lib/Cake/Controller/Component/Auth/FormAuthenticate.php(79): BaseAuthenticate->_findUser('12345', 'test')
#2 /vagrant/cakephp_admin/lib/Cake/Controller/Component/AuthComponent.php(762): FormAuthenticate->authenticate(Object(CakeRequest), Object(CakeResponse))
#3 /vagrant/cakephp_admin/lib/Cake/Controller/Component/AuthComponent.php(607): AuthComponent->identify(Object(CakeRequest), Object(CakeResponse))
#4 /vagrant/cakephp_admin/app/Controller/UsersController.php(26): AuthComponent->login()
#5 [internal function]: UsersController->login()
#6 /vagrant/cakephp_admin/lib/Cake/Controller/Controller.php(490): ReflectionMethod->invokeArgs(Object(UsersController), Array)
#7 /vagrant/cakephp_admin/lib/Cake/Routing/Dispatcher.php(193): Controller->invokeAction(Object(CakeRequest))
#8 /vagrant/cakephp_admin/lib/Cake/Routing/Dispatcher.php(167): Dispatcher->_invoke(Object(UsersController), Object(CakeRequest))
#9 /vagrant/cakephp_admin/app/webroot/index.php(118): Dispatcher->dispatch(Object(CakeRequest), Object(CakeResponse))
#10 {main}
2016-03-27 21:05:54 Error: [CakeException] Password hasher class "None" was not found.
Request URL: /cakephp_admin/users/login
Stack Trace:
#0 /vagrant/cakephp_admin/lib/Cake/Controller/Component/Auth/BaseAuthenticate.php(138): BaseAuthenticate->passwordHasher()
#1 /vagrant/cakephp_admin/lib/Cake/Controller/Component/Auth/FormAuthenticate.php(79): BaseAuthenticate->_findUser('12345', 'test')
#2 /vagrant/cakephp_admin/lib/Cake/Controller/Component/AuthComponent.php(762): FormAuthenticate->authenticate(Object(CakeRequest), Object(CakeResponse))
#3 /vagrant/cakephp_admin/lib/Cake/Controller/Component/AuthComponent.php(607): AuthComponent->identify(Object(CakeRequest), Object(CakeResponse))
#4 /vagrant/cakephp_admin/app/Controller/UsersController.php(26): AuthComponent->login()
#5 [internal function]: UsersController->login()
#6 /vagrant/cakephp_admin/lib/Cake/Controller/Controller.php(490): ReflectionMethod->invokeArgs(Object(UsersController), Array)
#7 /vagrant/cakephp_admin/lib/Cake/Routing/Dispatcher.php(193): Controller->invokeAction(Object(CakeRequest))
#8 /vagrant/cakephp_admin/lib/Cake/Routing/Dispatcher.php(167): Dispatcher->_invoke(Object(UsersController), Object(CakeRequest))
#9 /vagrant/cakephp_admin/app/webroot/index.php(118): Dispatcher->dispatch(Object(CakeRequest), Object(CakeResponse))
#10 {main}
2016-03-27 21:06:24 Error: [CakeException] Password hasher class "None" was not found.
Request URL: /cakephp_admin/users/login
Stack Trace:
#0 /vagrant/cakephp_admin/lib/Cake/Controller/Component/Auth/BaseAuthenticate.php(138): BaseAuthenticate->passwordHasher()
#1 /vagrant/cakephp_admin/lib/Cake/Controller/Component/Auth/FormAuthenticate.php(79): BaseAuthenticate->_findUser('12345', 'test')
#2 /vagrant/cakephp_admin/lib/Cake/Controller/Component/AuthComponent.php(762): FormAuthenticate->authenticate(Object(CakeRequest), Object(CakeResponse))
#3 /vagrant/cakephp_admin/lib/Cake/Controller/Component/AuthComponent.php(607): AuthComponent->identify(Object(CakeRequest), Object(CakeResponse))
#4 /vagrant/cakephp_admin/app/Controller/UsersController.php(26): AuthComponent->login()
#5 [internal function]: UsersController->login()
#6 /vagrant/cakephp_admin/lib/Cake/Controller/Controller.php(490): ReflectionMethod->invokeArgs(Object(UsersController), Array)
#7 /vagrant/cakephp_admin/lib/Cake/Routing/Dispatcher.php(193): Controller->invokeAction(Object(CakeRequest))
#8 /vagrant/cakephp_admin/lib/Cake/Routing/Dispatcher.php(167): Dispatcher->_invoke(Object(UsersController), Object(CakeRequest))
#9 /vagrant/cakephp_admin/app/webroot/index.php(118): Dispatcher->dispatch(Object(CakeRequest), Object(CakeResponse))
#10 {main}
2016-03-27 21:07:28 Error: [MissingControllerException] Controller class HomesController could not be found.
Exception Attributes: array (
  'class' => 'HomesController',
  'plugin' => NULL,
)
Request URL: /cakephp_admin/homes
Stack Trace:
#0 /vagrant/cakephp_admin/app/webroot/index.php(118): Dispatcher->dispatch(Object(CakeRequest), Object(CakeResponse))
#1 {main}
2016-03-27 21:08:17 Error: [MissingControllerException] Controller class LoginController could not be found.
Exception Attributes: array (
  'class' => 'LoginController',
  'plugin' => NULL,
)
Request URL: /cakephp_admin/login
Stack Trace:
#0 /vagrant/cakephp_admin/app/webroot/index.php(118): Dispatcher->dispatch(Object(CakeRequest), Object(CakeResponse))
#1 {main}
2016-03-27 21:09:12 Error: Fatal Error (4): syntax error, unexpected ':' in [/vagrant/cakephp_admin/app/View/Users/login.ctp, line 2]
2016-03-27 21:09:12 Error: [FatalErrorException] syntax error, unexpected ':'
Request URL: /cakephp_admin/users/login
Stack Trace:
#0 /vagrant/cakephp_admin/lib/Cake/Error/ErrorHandler.php(213): ErrorHandler::handleFatalError(4, 'syntax error, u...', '/vagrant/cakeph...', 2)
#1 [internal function]: ErrorHandler::handleError(4, 'syntax error, u...', '/vagrant/cakeph...', 2, Array)
#2 /vagrant/cakephp_admin/lib/Cake/Core/App.php(933): call_user_func('ErrorHandler::h...', 4, 'syntax error, u...', '/vagrant/cakeph...', 2, Array)
#3 /vagrant/cakephp_admin/lib/Cake/Core/App.php(906): App::_checkFatalError()
#4 [internal function]: App::shutdown()
#5 {main}
2016-03-27 21:09:44 Error: [MissingControllerException] Controller class HomesController could not be found.
Exception Attributes: array (
  'class' => 'HomesController',
  'plugin' => NULL,
)
Request URL: /cakephp_admin/homes
Stack Trace:
#0 /vagrant/cakephp_admin/app/webroot/index.php(118): Dispatcher->dispatch(Object(CakeRequest), Object(CakeResponse))
#1 {main}
2016-03-27 21:10:18 Error: [MissingControllerException] Controller class HomesController could not be found.
Exception Attributes: array (
  'class' => 'HomesController',
  'plugin' => NULL,
)
Request URL: /cakephp_admin/homes
Stack Trace:
#0 /vagrant/cakephp_admin/app/webroot/index.php(118): Dispatcher->dispatch(Object(CakeRequest), Object(CakeResponse))
#1 {main}
2016-03-27 21:11:13 Error: [MissingControllerException] Controller class HomesController could not be found.
Exception Attributes: array (
  'class' => 'HomesController',
  'plugin' => NULL,
)
Request URL: /cakephp_admin/homes
Stack Trace:
#0 /vagrant/cakephp_admin/app/webroot/index.php(118): Dispatcher->dispatch(Object(CakeRequest), Object(CakeResponse))
#1 {main}
2016-03-27 21:11:21 Error: [MissingControllerException] Controller class HomesController could not be found.
Exception Attributes: array (
  'class' => 'HomesController',
  'plugin' => NULL,
)
Request URL: /cakephp_admin/homes
Stack Trace:
#0 /vagrant/cakephp_admin/app/webroot/index.php(118): Dispatcher->dispatch(Object(CakeRequest), Object(CakeResponse))
#1 {main}
2016-03-27 21:13:24 Error: [MissingControllerException] Controller class HomesController could not be found.
Exception Attributes: array (
  'class' => 'HomesController',
  'plugin' => NULL,
)
Request URL: /cakephp_admin/homes
Stack Trace:
#0 /vagrant/cakephp_admin/app/webroot/index.php(118): Dispatcher->dispatch(Object(CakeRequest), Object(CakeResponse))
#1 {main}
2016-03-27 21:13:41 Error: [MissingControllerException] Controller class HomesController could not be found.
Exception Attributes: array (
  'class' => 'HomesController',
  'plugin' => NULL,
)
Request URL: /cakephp_admin/homes
Stack Trace:
#0 /vagrant/cakephp_admin/app/webroot/index.php(118): Dispatcher->dispatch(Object(CakeRequest), Object(CakeResponse))
#1 {main}
2016-03-27 21:13:44 Error: [MissingControllerException] Controller class HomesController could not be found.
Exception Attributes: array (
  'class' => 'HomesController',
  'plugin' => NULL,
)
Request URL: /cakephp_admin/homes
Stack Trace:
#0 /vagrant/cakephp_admin/app/webroot/index.php(118): Dispatcher->dispatch(Object(CakeRequest), Object(CakeResponse))
#1 {main}
2016-03-27 21:13:53 Error: [MissingControllerException] Controller class HomesController could not be found.
Exception Attributes: array (
  'class' => 'HomesController',
  'plugin' => NULL,
)
Request URL: /cakephp_admin/homes
Stack Trace:
#0 /vagrant/cakephp_admin/app/webroot/index.php(118): Dispatcher->dispatch(Object(CakeRequest), Object(CakeResponse))
#1 {main}
2016-03-27 21:17:16 Error: [MissingControllerException] Controller class HomesController could not be found.
Exception Attributes: array (
  'class' => 'HomesController',
  'plugin' => NULL,
)
Request URL: /cakephp_admin/homes
Stack Trace:
#0 /vagrant/cakephp_admin/app/webroot/index.php(118): Dispatcher->dispatch(Object(CakeRequest), Object(CakeResponse))
#1 {main}
2016-03-27 21:17:50 Error: [MissingControllerException] Controller class HomesController could not be found.
Exception Attributes: array (
  'class' => 'HomesController',
  'plugin' => NULL,
)
Request URL: /cakephp_admin/homes
Stack Trace:
#0 /vagrant/cakephp_admin/app/webroot/index.php(118): Dispatcher->dispatch(Object(CakeRequest), Object(CakeResponse))
#1 {main}
2016-03-27 21:18:18 Error: [MissingControllerException] Controller class HomesController could not be found.
Exception Attributes: array (
  'class' => 'HomesController',
  'plugin' => NULL,
)
Request URL: /cakephp_admin/homes
Stack Trace:
#0 /vagrant/cakephp_admin/app/webroot/index.php(118): Dispatcher->dispatch(Object(CakeRequest), Object(CakeResponse))
#1 {main}
2016-03-27 21:18:37 Error: [MissingControllerException] Controller class Login.htmlController could not be found.
Exception Attributes: array (
  'class' => 'Login.htmlController',
  'plugin' => NULL,
)
Request URL: /cakephp_admin/login.html
Stack Trace:
#0 /vagrant/cakephp_admin/app/webroot/index.php(118): Dispatcher->dispatch(Object(CakeRequest), Object(CakeResponse))
#1 {main}
2016-03-27 21:18:42 Error: [MissingControllerException] Controller class LoginController could not be found.
Exception Attributes: array (
  'class' => 'LoginController',
  'plugin' => NULL,
)
Request URL: /cakephp_admin/login
Stack Trace:
#0 /vagrant/cakephp_admin/app/webroot/index.php(118): Dispatcher->dispatch(Object(CakeRequest), Object(CakeResponse))
#1 {main}
2016-03-27 21:18:53 Error: [MissingControllerException] Controller class HomesController could not be found.
Exception Attributes: array (
  'class' => 'HomesController',
  'plugin' => NULL,
)
Request URL: /cakephp_admin/homes
Stack Trace:
#0 /vagrant/cakephp_admin/app/webroot/index.php(118): Dispatcher->dispatch(Object(CakeRequest), Object(CakeResponse))
#1 {main}
2016-03-27 21:19:51 Error: [MissingControllerException] Controller class HomesController could not be found.
Exception Attributes: array (
  'class' => 'HomesController',
  'plugin' => NULL,
)
Request URL: /cakephp_admin/homes
Stack Trace:
#0 /vagrant/cakephp_admin/app/webroot/index.php(118): Dispatcher->dispatch(Object(CakeRequest), Object(CakeResponse))
#1 {main}
2016-03-27 21:24:52 Error: [MissingControllerException] Controller class HomesController could not be found.
Exception Attributes: array (
  'class' => 'HomesController',
  'plugin' => NULL,
)
Request URL: /cakephp_admin/homes
Stack Trace:
#0 /vagrant/cakephp_admin/app/webroot/index.php(118): Dispatcher->dispatch(Object(CakeRequest), Object(CakeResponse))
#1 {main}
2016-03-27 21:25:51 Error: [MissingControllerException] Controller class HomesController could not be found.
Exception Attributes: array (
  'class' => 'HomesController',
  'plugin' => NULL,
)
Request URL: /cakephp_admin/homes
Stack Trace:
#0 /vagrant/cakephp_admin/app/webroot/index.php(118): Dispatcher->dispatch(Object(CakeRequest), Object(CakeResponse))
#1 {main}
2016-03-27 21:25:55 Error: [MissingControllerException] Controller class LoginController could not be found.
Exception Attributes: array (
  'class' => 'LoginController',
  'plugin' => NULL,
)
Request URL: /cakephp_admin/login
Stack Trace:
#0 /vagrant/cakephp_admin/app/webroot/index.php(118): Dispatcher->dispatch(Object(CakeRequest), Object(CakeResponse))
#1 {main}
2016-03-27 21:26:01 Error: [MissingControllerException] Controller class LoginController could not be found.
Exception Attributes: array (
  'class' => 'LoginController',
  'plugin' => NULL,
)
Request URL: /cakephp_admin/login
Stack Trace:
#0 /vagrant/cakephp_admin/app/webroot/index.php(118): Dispatcher->dispatch(Object(CakeRequest), Object(CakeResponse))
#1 {main}
2016-03-27 21:26:10 Error: [MissingControllerException] Controller class HomesController could not be found.
Exception Attributes: array (
  'class' => 'HomesController',
  'plugin' => NULL,
)
Request URL: /cakephp_admin/homes
Stack Trace:
#0 /vagrant/cakephp_admin/app/webroot/index.php(118): Dispatcher->dispatch(Object(CakeRequest), Object(CakeResponse))
#1 {main}
2016-03-27 21:26:56 Error: [MissingControllerException] Controller class HomesController could not be found.
Exception Attributes: array (
  'class' => 'HomesController',
  'plugin' => NULL,
)
Request URL: /cakephp_admin/homes
Stack Trace:
#0 /vagrant/cakephp_admin/app/webroot/index.php(118): Dispatcher->dispatch(Object(CakeRequest), Object(CakeResponse))
#1 {main}
2016-03-27 21:27:06 Error: [MissingControllerException] Controller class HomesController could not be found.
Exception Attributes: array (
  'class' => 'HomesController',
  'plugin' => NULL,
)
Request URL: /cakephp_admin/homes
Stack Trace:
#0 /vagrant/cakephp_admin/app/webroot/index.php(118): Dispatcher->dispatch(Object(CakeRequest), Object(CakeResponse))
#1 {main}
2016-03-27 21:28:07 Error: [MissingControllerException] Controller class HomesController could not be found.
Exception Attributes: array (
  'class' => 'HomesController',
  'plugin' => NULL,
)
Request URL: /cakephp_admin/homes
Stack Trace:
#0 /vagrant/cakephp_admin/app/webroot/index.php(118): Dispatcher->dispatch(Object(CakeRequest), Object(CakeResponse))
#1 {main}
2016-03-27 21:28:10 Error: [MissingControllerException] Controller class LoginController could not be found.
Exception Attributes: array (
  'class' => 'LoginController',
  'plugin' => NULL,
)
Request URL: /cakephp_admin/login
Stack Trace:
#0 /vagrant/cakephp_admin/app/webroot/index.php(118): Dispatcher->dispatch(Object(CakeRequest), Object(CakeResponse))
#1 {main}
2016-03-27 21:28:12 Error: [MissingControllerException] Controller class HomesController could not be found.
Exception Attributes: array (
  'class' => 'HomesController',
  'plugin' => NULL,
)
Request URL: /cakephp_admin/homes
Stack Trace:
#0 /vagrant/cakephp_admin/app/webroot/index.php(118): Dispatcher->dispatch(Object(CakeRequest), Object(CakeResponse))
#1 {main}
2016-03-27 21:28:19 Error: [MissingControllerException] Controller class HomesController could not be found.
Exception Attributes: array (
  'class' => 'HomesController',
  'plugin' => NULL,
)
Request URL: /cakephp_admin/homes
Stack Trace:
#0 /vagrant/cakephp_admin/app/webroot/index.php(118): Dispatcher->dispatch(Object(CakeRequest), Object(CakeResponse))
#1 {main}
2016-03-27 21:28:48 Error: [MissingControllerException] Controller class HomesController could not be found.
Exception Attributes: array (
  'class' => 'HomesController',
  'plugin' => NULL,
)
Request URL: /cakephp_admin/homes
Stack Trace:
#0 /vagrant/cakephp_admin/app/webroot/index.php(118): Dispatcher->dispatch(Object(CakeRequest), Object(CakeResponse))
#1 {main}
2016-03-27 21:29:05 Error: [MissingControllerException] Controller class HomesController could not be found.
Exception Attributes: array (
  'class' => 'HomesController',
  'plugin' => NULL,
)
Request URL: /cakephp_admin/homes
Stack Trace:
#0 /vagrant/cakephp_admin/app/webroot/index.php(118): Dispatcher->dispatch(Object(CakeRequest), Object(CakeResponse))
#1 {main}
2016-03-27 21:29:08 Error: [MissingControllerException] Controller class LoginController could not be found.
Exception Attributes: array (
  'class' => 'LoginController',
  'plugin' => NULL,
)
Request URL: /cakephp_admin/login
Stack Trace:
#0 /vagrant/cakephp_admin/app/webroot/index.php(118): Dispatcher->dispatch(Object(CakeRequest), Object(CakeResponse))
#1 {main}
2016-03-27 21:29:14 Error: [MissingControllerException] Controller class LoginController could not be found.
Exception Attributes: array (
  'class' => 'LoginController',
  'plugin' => NULL,
)
Request URL: /cakephp_admin/login
Stack Trace:
#0 /vagrant/cakephp_admin/app/webroot/index.php(118): Dispatcher->dispatch(Object(CakeRequest), Object(CakeResponse))
#1 {main}
2016-03-27 21:29:15 Error: [MissingControllerException] Controller class HomesController could not be found.
Exception Attributes: array (
  'class' => 'HomesController',
  'plugin' => NULL,
)
Request URL: /cakephp_admin/homes
Stack Trace:
#0 /vagrant/cakephp_admin/app/webroot/index.php(118): Dispatcher->dispatch(Object(CakeRequest), Object(CakeResponse))
#1 {main}
2016-03-27 21:29:22 Error: [MissingControllerException] Controller class HomesController could not be found.
Exception Attributes: array (
  'class' => 'HomesController',
  'plugin' => NULL,
)
Request URL: /cakephp_admin/homes
Stack Trace:
#0 /vagrant/cakephp_admin/app/webroot/index.php(118): Dispatcher->dispatch(Object(CakeRequest), Object(CakeResponse))
#1 {main}
2016-03-27 21:32:08 Error: [MissingControllerException] Controller class HomesController could not be found.
Exception Attributes: array (
  'class' => 'HomesController',
  'plugin' => NULL,
)
Request URL: /cakephp_admin/homes
Stack Trace:
#0 /vagrant/cakephp_admin/app/webroot/index.php(118): Dispatcher->dispatch(Object(CakeRequest), Object(CakeResponse))
#1 {main}
2016-03-27 21:32:59 Error: [MissingControllerException] Controller class HomesController could not be found.
Exception Attributes: array (
  'class' => 'HomesController',
  'plugin' => NULL,
)
Request URL: /cakephp_admin/homes
Stack Trace:
#0 /vagrant/cakephp_admin/app/webroot/index.php(118): Dispatcher->dispatch(Object(CakeRequest), Object(CakeResponse))
#1 {main}
2016-03-27 21:33:08 Error: [MissingControllerException] Controller class HomesController could not be found.
Exception Attributes: array (
  'class' => 'HomesController',
  'plugin' => NULL,
)
Request URL: /cakephp_admin/homes
Stack Trace:
#0 /vagrant/cakephp_admin/app/webroot/index.php(118): Dispatcher->dispatch(Object(CakeRequest), Object(CakeResponse))
#1 {main}
2016-03-27 21:33:39 Error: [MissingControllerException] Controller class HomesController could not be found.
Exception Attributes: array (
  'class' => 'HomesController',
  'plugin' => NULL,
)
Request URL: /cakephp_admin/homes
Stack Trace:
#0 /vagrant/cakephp_admin/app/webroot/index.php(118): Dispatcher->dispatch(Object(CakeRequest), Object(CakeResponse))
#1 {main}
2016-03-27 21:33:57 Error: [MissingControllerException] Controller class HomesController could not be found.
Exception Attributes: array (
  'class' => 'HomesController',
  'plugin' => NULL,
)
Request URL: /cakephp_admin/homes
Stack Trace:
#0 /vagrant/cakephp_admin/app/webroot/index.php(118): Dispatcher->dispatch(Object(CakeRequest), Object(CakeResponse))
#1 {main}
2016-03-27 21:34:07 Error: [MissingControllerException] Controller class HomesController could not be found.
Exception Attributes: array (
  'class' => 'HomesController',
  'plugin' => NULL,
)
Request URL: /cakephp_admin/homes
Stack Trace:
#0 /vagrant/cakephp_admin/app/webroot/index.php(118): Dispatcher->dispatch(Object(CakeRequest), Object(CakeResponse))
#1 {main}
2016-03-27 21:34:15 Error: [MissingControllerException] Controller class HomesController could not be found.
Exception Attributes: array (
  'class' => 'HomesController',
  'plugin' => NULL,
)
Request URL: /cakephp_admin/homes
Stack Trace:
#0 /vagrant/cakephp_admin/app/webroot/index.php(118): Dispatcher->dispatch(Object(CakeRequest), Object(CakeResponse))
#1 {main}
2016-03-27 21:35:37 Error: [MissingControllerException] Controller class HomesController could not be found.
Exception Attributes: array (
  'class' => 'HomesController',
  'plugin' => NULL,
)
Request URL: /cakephp_admin/homes
Stack Trace:
#0 /vagrant/cakephp_admin/app/webroot/index.php(118): Dispatcher->dispatch(Object(CakeRequest), Object(CakeResponse))
#1 {main}
2016-03-27 21:36:26 Error: [MissingControllerException] Controller class HomesController could not be found.
Exception Attributes: array (
  'class' => 'HomesController',
  'plugin' => NULL,
)
Request URL: /cakephp_admin/homes
Stack Trace:
#0 /vagrant/cakephp_admin/app/webroot/index.php(118): Dispatcher->dispatch(Object(CakeRequest), Object(CakeResponse))
#1 {main}
2016-03-28 22:13:07 Error: [MissingControllerException] Controller class HomesController could not be found.
Exception Attributes: array (
  'class' => 'HomesController',
  'plugin' => NULL,
)
Request URL: /cakephp_admin/homes
Stack Trace:
#0 /vagrant/cakephp_admin/app/webroot/index.php(118): Dispatcher->dispatch(Object(CakeRequest), Object(CakeResponse))
#1 {main}
2016-03-28 22:13:16 Error: [MissingControllerException] Controller class HomesController could not be found.
Exception Attributes: array (
  'class' => 'HomesController',
  'plugin' => NULL,
)
Request URL: /cakephp_admin/homes
Stack Trace:
#0 /vagrant/cakephp_admin/app/webroot/index.php(118): Dispatcher->dispatch(Object(CakeRequest), Object(CakeResponse))
#1 {main}
2016-03-28 22:29:56 Error: [MissingActionException] Action HomesController::index() could not be found.
Exception Attributes: array (
  'controller' => 'HomesController',
  'action' => 'index',
)
Request URL: /cakephp_admin/homes
Stack Trace:
#0 /vagrant/cakephp_admin/lib/Cake/Routing/Dispatcher.php(193): Controller->invokeAction(Object(CakeRequest))
#1 /vagrant/cakephp_admin/lib/Cake/Routing/Dispatcher.php(167): Dispatcher->_invoke(Object(HomesController), Object(CakeRequest))
#2 /vagrant/cakephp_admin/app/webroot/index.php(118): Dispatcher->dispatch(Object(CakeRequest), Object(CakeResponse))
#3 {main}
2016-03-28 22:30:24 Error: [MissingActionException] Action HomesController::index() could not be found.
Exception Attributes: array (
  'controller' => 'HomesController',
  'action' => 'index',
)
Request URL: /cakephp_admin/homes
Stack Trace:
#0 /vagrant/cakephp_admin/lib/Cake/Routing/Dispatcher.php(193): Controller->invokeAction(Object(CakeRequest))
#1 /vagrant/cakephp_admin/lib/Cake/Routing/Dispatcher.php(167): Dispatcher->_invoke(Object(HomesController), Object(CakeRequest))
#2 /vagrant/cakephp_admin/app/webroot/index.php(118): Dispatcher->dispatch(Object(CakeRequest), Object(CakeResponse))
#3 {main}
2016-03-28 22:42:38 Error: Fatal Error (4): syntax error, unexpected '}' in [/vagrant/cakephp_admin/app/Controller/HomesController.php, line 12]
2016-03-28 22:42:38 Error: [FatalErrorException] syntax error, unexpected '}'
Request URL: /cakephp_admin/homes/home
Stack Trace:
#0 /vagrant/cakephp_admin/lib/Cake/Error/ErrorHandler.php(213): ErrorHandler::handleFatalError(4, 'syntax error, u...', '/vagrant/cakeph...', 12)
#1 [internal function]: ErrorHandler::handleError(4, 'syntax error, u...', '/vagrant/cakeph...', 12, Array)
#2 /vagrant/cakephp_admin/lib/Cake/Core/App.php(933): call_user_func('ErrorHandler::h...', 4, 'syntax error, u...', '/vagrant/cakeph...', 12, Array)
#3 /vagrant/cakephp_admin/lib/Cake/Core/App.php(906): App::_checkFatalError()
#4 [internal function]: App::shutdown()
#5 {main}
2016-03-28 22:43:01 Error: Fatal Error (1): Call to a member function user() on a non-object in [/vagrant/cakephp_admin/app/Controller/HomesController.php, line 9]
2016-03-28 22:43:01 Error: [FatalErrorException] Call to a member function user() on a non-object
Request URL: /cakephp_admin/homes/home
Stack Trace:
#0 /vagrant/cakephp_admin/lib/Cake/Error/ErrorHandler.php(213): ErrorHandler::handleFatalError(1, 'Call to a membe...', '/vagrant/cakeph...', 9)
#1 [internal function]: ErrorHandler::handleError(1, 'Call to a membe...', '/vagrant/cakeph...', 9, Array)
#2 /vagrant/cakephp_admin/lib/Cake/Core/App.php(933): call_user_func('ErrorHandler::h...', 1, 'Call to a membe...', '/vagrant/cakeph...', 9, Array)
#3 /vagrant/cakephp_admin/lib/Cake/Core/App.php(906): App::_checkFatalError()
#4 [internal function]: App::shutdown()
#5 {main}
2016-03-28 22:53:39 Error: [MissingActionException] Action HomesController::index() could not be found.
Exception Attributes: array (
  'controller' => 'HomesController',
  'action' => 'index',
)
Request URL: /cakephp_admin/homes
Stack Trace:
#0 /vagrant/cakephp_admin/lib/Cake/Routing/Dispatcher.php(193): Controller->invokeAction(Object(CakeRequest))
#1 /vagrant/cakephp_admin/lib/Cake/Routing/Dispatcher.php(167): Dispatcher->_invoke(Object(HomesController), Object(CakeRequest))
#2 /vagrant/cakephp_admin/app/webroot/index.php(118): Dispatcher->dispatch(Object(CakeRequest), Object(CakeResponse))
#3 {main}
2016-03-28 22:55:17 Error: [MissingActionException] Action HomesController::index() could not be found.
Exception Attributes: array (
  'controller' => 'HomesController',
  'action' => 'index',
)
Request URL: /cakephp_admin/homes
Stack Trace:
#0 /vagrant/cakephp_admin/lib/Cake/Routing/Dispatcher.php(193): Controller->invokeAction(Object(CakeRequest))
#1 /vagrant/cakephp_admin/lib/Cake/Routing/Dispatcher.php(167): Dispatcher->_invoke(Object(HomesController), Object(CakeRequest))
#2 /vagrant/cakephp_admin/app/webroot/index.php(118): Dispatcher->dispatch(Object(CakeRequest), Object(CakeResponse))
#3 {main}
2016-03-28 22:56:10 Error: [MissingActionException] Action HomesController::index() could not be found.
Exception Attributes: array (
  'controller' => 'HomesController',
  'action' => 'index',
)
Request URL: /cakephp_admin/homes
Stack Trace:
#0 /vagrant/cakephp_admin/lib/Cake/Routing/Dispatcher.php(193): Controller->invokeAction(Object(CakeRequest))
#1 /vagrant/cakephp_admin/lib/Cake/Routing/Dispatcher.php(167): Dispatcher->_invoke(Object(HomesController), Object(CakeRequest))
#2 /vagrant/cakephp_admin/app/webroot/index.php(118): Dispatcher->dispatch(Object(CakeRequest), Object(CakeResponse))
#3 {main}
2016-03-28 22:56:13 Error: [MissingActionException] Action HomesController::index() could not be found.
Exception Attributes: array (
  'controller' => 'HomesController',
  'action' => 'index',
)
Request URL: /cakephp_admin/homes
Stack Trace:
#0 /vagrant/cakephp_admin/lib/Cake/Routing/Dispatcher.php(193): Controller->invokeAction(Object(CakeRequest))
#1 /vagrant/cakephp_admin/lib/Cake/Routing/Dispatcher.php(167): Dispatcher->_invoke(Object(HomesController), Object(CakeRequest))
#2 /vagrant/cakephp_admin/app/webroot/index.php(118): Dispatcher->dispatch(Object(CakeRequest), Object(CakeResponse))
#3 {main}
2016-03-28 23:05:27 Error: [MissingViewException] View file "Users/logout.ctp" is missing.
Exception Attributes: array (
  'file' => 'Users/logout.ctp',
)
Request URL: /cakephp_admin/users/logout
Stack Trace:
#0 /vagrant/cakephp_admin/lib/Cake/View/View.php(470): View->_getViewFileName(NULL)
#1 /vagrant/cakephp_admin/lib/Cake/Controller/Controller.php(960): View->render(NULL, NULL)
#2 /vagrant/cakephp_admin/lib/Cake/Routing/Dispatcher.php(200): Controller->render()
#3 /vagrant/cakephp_admin/lib/Cake/Routing/Dispatcher.php(167): Dispatcher->_invoke(Object(UsersController), Object(CakeRequest))
#4 /vagrant/cakephp_admin/app/webroot/index.php(118): Dispatcher->dispatch(Object(CakeRequest), Object(CakeResponse))
#5 {main}
2016-03-28 23:27:48 Error: [MissingActionException] Action HomesController::index() could not be found.
Exception Attributes: array (
  'controller' => 'HomesController',
  'action' => 'index',
)
Request URL: /cakephp_admin/homes
Stack Trace:
#0 /vagrant/cakephp_admin/lib/Cake/Routing/Dispatcher.php(193): Controller->invokeAction(Object(CakeRequest))
#1 /vagrant/cakephp_admin/lib/Cake/Routing/Dispatcher.php(167): Dispatcher->_invoke(Object(HomesController), Object(CakeRequest))
#2 /vagrant/cakephp_admin/app/webroot/index.php(118): Dispatcher->dispatch(Object(CakeRequest), Object(CakeResponse))
#3 {main}
2016-03-28 23:48:51 Error: [MissingActionException] Action HomesController::index() could not be found.
Exception Attributes: array (
  'controller' => 'HomesController',
  'action' => 'index',
)
Request URL: /cakephp_admin/homes
Stack Trace:
#0 /vagrant/cakephp_admin/lib/Cake/Routing/Dispatcher.php(193): Controller->invokeAction(Object(CakeRequest))
#1 /vagrant/cakephp_admin/lib/Cake/Routing/Dispatcher.php(167): Dispatcher->_invoke(Object(HomesController), Object(CakeRequest))
#2 /vagrant/cakephp_admin/app/webroot/index.php(118): Dispatcher->dispatch(Object(CakeRequest), Object(CakeResponse))
#3 {main}
2016-03-28 23:48:52 Error: [MissingActionException] Action HomesController::index() could not be found.
Exception Attributes: array (
  'controller' => 'HomesController',
  'action' => 'index',
)
Request URL: /cakephp_admin/homes
Stack Trace:
#0 /vagrant/cakephp_admin/lib/Cake/Routing/Dispatcher.php(193): Controller->invokeAction(Object(CakeRequest))
#1 /vagrant/cakephp_admin/lib/Cake/Routing/Dispatcher.php(167): Dispatcher->_invoke(Object(HomesController), Object(CakeRequest))
#2 /vagrant/cakephp_admin/app/webroot/index.php(118): Dispatcher->dispatch(Object(CakeRequest), Object(CakeResponse))
#3 {main}
2016-03-29 22:54:44 Error: [MissingControllerException] Controller class HomeController could not be found.
Exception Attributes: array (
  'class' => 'HomeController',
  'plugin' => NULL,
)
Request URL: /cakephp_admin/home
Stack Trace:
#0 /vagrant/cakephp_admin/app/webroot/index.php(118): Dispatcher->dispatch(Object(CakeRequest), Object(CakeResponse))
#1 {main}
2016-03-29 22:55:03 Error: [MissingControllerException] Controller class HomeController could not be found.
Exception Attributes: array (
  'class' => 'HomeController',
  'plugin' => NULL,
)
Request URL: /cakephp_admin/home
Stack Trace:
#0 /vagrant/cakephp_admin/app/webroot/index.php(118): Dispatcher->dispatch(Object(CakeRequest), Object(CakeResponse))
#1 {main}
2016-03-29 22:55:07 Error: [MissingControllerException] Controller class HomeController could not be found.
Exception Attributes: array (
  'class' => 'HomeController',
  'plugin' => NULL,
)
Request URL: /cakephp_admin/home
Stack Trace:
#0 /vagrant/cakephp_admin/app/webroot/index.php(118): Dispatcher->dispatch(Object(CakeRequest), Object(CakeResponse))
#1 {main}
2016-03-29 23:01:50 Error: [MissingControllerException] Controller class Controller could not be found.
Exception Attributes: array (
  'class' => 'Controller',
  'plugin' => NULL,
)
Request URL: /cakephp_admin/
Stack Trace:
#0 /vagrant/cakephp_admin/app/webroot/index.php(118): Dispatcher->dispatch(Object(CakeRequest), Object(CakeResponse))
#1 {main}
2016-03-29 23:01:50 Error: [MissingControllerException] Controller class Controller could not be found.
Exception Attributes: array (
  'class' => 'Controller',
  'plugin' => NULL,
)
Request URL: /cakephp_admin/
Stack Trace:
#0 /vagrant/cakephp_admin/app/webroot/index.php(118): Dispatcher->dispatch(Object(CakeRequest), Object(CakeResponse))
#1 {main}
2016-03-29 23:06:19 Error: [MissingActionException] Action UsersController::home() could not be found.
Exception Attributes: array (
  'controller' => 'UsersController',
  'action' => 'home',
)
Request URL: /cakephp_admin/home
Stack Trace:
#0 /vagrant/cakephp_admin/lib/Cake/Routing/Dispatcher.php(193): Controller->invokeAction(Object(CakeRequest))
#1 /vagrant/cakephp_admin/lib/Cake/Routing/Dispatcher.php(167): Dispatcher->_invoke(Object(UsersController), Object(CakeRequest))
#2 /vagrant/cakephp_admin/app/webroot/index.php(118): Dispatcher->dispatch(Object(CakeRequest), Object(CakeResponse))
#3 {main}
2016-04-01 21:59:24 Error: [MissingActionException] Action UsersController::login.html() could not be found.
Exception Attributes: array (
  'controller' => 'UsersController',
  'action' => 'login.html',
)
Request URL: /cakephp_admin/login.html
Stack Trace:
#0 /vagrant/cakephp_admin/lib/Cake/Routing/Dispatcher.php(193): Controller->invokeAction(Object(CakeRequest))
#1 /vagrant/cakephp_admin/lib/Cake/Routing/Dispatcher.php(167): Dispatcher->_invoke(Object(UsersController), Object(CakeRequest))
#2 /vagrant/cakephp_admin/app/webroot/index.php(118): Dispatcher->dispatch(Object(CakeRequest), Object(CakeResponse))
#3 {main}
2016-04-02 15:35:21 Error: Fatal Error (4): syntax error, unexpected ''prefix'' (T_CONSTANT_ENCAPSED_STRING), expecting ')' in [/vagrant/cakephp_admin/app/Config/database.php, line 78]
2016-04-02 15:35:21 Error: [FatalErrorException] syntax error, unexpected ''prefix'' (T_CONSTANT_ENCAPSED_STRING), expecting ')'
Request URL: /cakephp_admin/
Stack Trace:
#0 /vagrant/cakephp_admin/lib/Cake/Error/ErrorHandler.php(213): ErrorHandler::handleFatalError(4, 'syntax error, u...', '/vagrant/cakeph...', 78)
#1 [internal function]: ErrorHandler::handleError(4, 'syntax error, u...', '/vagrant/cakeph...', 78, Array)
#2 /vagrant/cakephp_admin/lib/Cake/Core/App.php(933): call_user_func('ErrorHandler::h...', 4, 'syntax error, u...', '/vagrant/cakeph...', 78, Array)
#3 /vagrant/cakephp_admin/lib/Cake/Core/App.php(906): App::_checkFatalError()
#4 [internal function]: App::shutdown()
#5 {main}
2016-04-02 15:35:35 Error: [MissingConnectionException] Database connection "Mysql" is missing, or could not be created.
Exception Attributes: array (
  'class' => 'Mysql',
  'message' => 'SQLSTATE[42000] [1049] Unknown database \'Array\'',
  'enabled' => true,
)
Request URL: /cakephp_admin/
Stack Trace:
#0 /vagrant/cakephp_admin/lib/Cake/Model/Datasource/DboSource.php(260): Mysql->connect()
#1 /vagrant/cakephp_admin/lib/Cake/Model/ConnectionManager.php(105): DboSource->__construct(Array)
#2 /vagrant/cakephp_admin/lib/Cake/Model/Model.php(3617): ConnectionManager::getDataSource('default')
#3 /vagrant/cakephp_admin/lib/Cake/Model/Model.php(1155): Model->setDataSource('default')
#4 /vagrant/cakephp_admin/lib/Cake/Model/Model.php(3644): Model->setSource('users')
#5 /vagrant/cakephp_admin/lib/Cake/Model/Model.php(3022): Model->getDataSource()
#6 /vagrant/cakephp_admin/lib/Cake/Model/Model.php(2994): Model->_readDataSource('first', Array)
#7 /vagrant/cakephp_admin/lib/Cake/Controller/Component/Auth/BaseAuthenticate.php(130): Model->find('first', Array)
#8 /vagrant/cakephp_admin/lib/Cake/Controller/Component/Auth/FormAuthenticate.php(79): BaseAuthenticate->_findUser('junkimura83@gma...', 'password')
#9 /vagrant/cakephp_admin/lib/Cake/Controller/Component/AuthComponent.php(762): FormAuthenticate->authenticate(Object(CakeRequest), Object(CakeResponse))
#10 /vagrant/cakephp_admin/lib/Cake/Controller/Component/AuthComponent.php(607): AuthComponent->identify(Object(CakeRequest), Object(CakeResponse))
#11 /vagrant/cakephp_admin/app/Controller/UsersController.php(20): AuthComponent->login()
#12 [internal function]: UsersController->login()
#13 /vagrant/cakephp_admin/lib/Cake/Controller/Controller.php(490): ReflectionMethod->invokeArgs(Object(UsersController), Array)
#14 /vagrant/cakephp_admin/lib/Cake/Routing/Dispatcher.php(193): Controller->invokeAction(Object(CakeRequest))
#15 /vagrant/cakephp_admin/lib/Cake/Routing/Dispatcher.php(167): Dispatcher->_invoke(Object(UsersController), Object(CakeRequest))
#16 /vagrant/cakephp_admin/app/webroot/index.php(118): Dispatcher->dispatch(Object(CakeRequest), Object(CakeResponse))
#17 {main}
2016-04-02 15:46:02 Error: [MissingActionException] Action UsersController::contacts() could not be found.
Exception Attributes: array (
  'controller' => 'UsersController',
  'action' => 'contacts',
)
Request URL: /cakephp_admin/contacts
Stack Trace:
#0 /vagrant/cakephp_admin/lib/Cake/Routing/Dispatcher.php(193): Controller->invokeAction(Object(CakeRequest))
#1 /vagrant/cakephp_admin/lib/Cake/Routing/Dispatcher.php(167): Dispatcher->_invoke(Object(UsersController), Object(CakeRequest))
#2 /vagrant/cakephp_admin/app/webroot/index.php(118): Dispatcher->dispatch(Object(CakeRequest), Object(CakeResponse))
#3 {main}
2016-04-02 15:46:42 Error: [MissingActionException] Action UsersController::contacts() could not be found.
Exception Attributes: array (
  'controller' => 'UsersController',
  'action' => 'contacts',
)
Request URL: /cakephp_admin/contacts
Stack Trace:
#0 /vagrant/cakephp_admin/lib/Cake/Routing/Dispatcher.php(193): Controller->invokeAction(Object(CakeRequest))
#1 /vagrant/cakephp_admin/lib/Cake/Routing/Dispatcher.php(167): Dispatcher->_invoke(Object(UsersController), Object(CakeRequest))
#2 /vagrant/cakephp_admin/app/webroot/index.php(118): Dispatcher->dispatch(Object(CakeRequest), Object(CakeResponse))
#3 {main}
2016-04-02 15:47:27 Error: [MissingViewException] View file "Homes/contacts.ctp" is missing.
Exception Attributes: array (
  'file' => 'Homes/contacts.ctp',
)
Request URL: /cakephp_admin/contacts
Stack Trace:
#0 /vagrant/cakephp_admin/lib/Cake/View/View.php(470): View->_getViewFileName(NULL)
#1 /vagrant/cakephp_admin/lib/Cake/Controller/Controller.php(960): View->render(NULL, NULL)
#2 /vagrant/cakephp_admin/lib/Cake/Routing/Dispatcher.php(200): Controller->render()
#3 /vagrant/cakephp_admin/lib/Cake/Routing/Dispatcher.php(167): Dispatcher->_invoke(Object(HomesController), Object(CakeRequest))
#4 /vagrant/cakephp_admin/app/webroot/index.php(118): Dispatcher->dispatch(Object(CakeRequest), Object(CakeResponse))
#5 {main}
2016-04-02 15:52:38 Error: Fatal Error (1): Call to a member function useDbConfig() on a non-object in [/vagrant/cakephp_admin/app/Controller/HomesController.php, line 33]
2016-04-02 15:52:38 Error: [FatalErrorException] Call to a member function useDbConfig() on a non-object
Request URL: /cakephp_admin/contacts
Stack Trace:
#0 /vagrant/cakephp_admin/lib/Cake/Error/ErrorHandler.php(213): ErrorHandler::handleFatalError(1, 'Call to a membe...', '/vagrant/cakeph...', 33)
#1 [internal function]: ErrorHandler::handleError(1, 'Call to a membe...', '/vagrant/cakeph...', 33, Array)
#2 /vagrant/cakephp_admin/lib/Cake/Core/App.php(933): call_user_func('ErrorHandler::h...', 1, 'Call to a membe...', '/vagrant/cakeph...', 33, Array)
#3 /vagrant/cakephp_admin/lib/Cake/Core/App.php(906): App::_checkFatalError()
#4 [internal function]: App::shutdown()
#5 {main}
2016-04-02 15:58:45 Error: Fatal Error (4): syntax error, unexpected '$this' (T_VARIABLE), expecting function (T_FUNCTION) in [/vagrant/cakephp_admin/app/Controller/HomesController.php, line 6]
2016-04-02 15:58:45 Error: [FatalErrorException] syntax error, unexpected '$this' (T_VARIABLE), expecting function (T_FUNCTION)
Request URL: /cakephp_admin/contacts
Stack Trace:
#0 /vagrant/cakephp_admin/lib/Cake/Error/ErrorHandler.php(213): ErrorHandler::handleFatalError(4, 'syntax error, u...', '/vagrant/cakeph...', 6)
#1 [internal function]: ErrorHandler::handleError(4, 'syntax error, u...', '/vagrant/cakeph...', 6, Array)
#2 /vagrant/cakephp_admin/lib/Cake/Core/App.php(933): call_user_func('ErrorHandler::h...', 4, 'syntax error, u...', '/vagrant/cakeph...', 6, Array)
#3 /vagrant/cakephp_admin/lib/Cake/Core/App.php(906): App::_checkFatalError()
#4 [internal function]: App::shutdown()
#5 {main}
2016-04-02 16:00:20 Error: Fatal Error (4): syntax error, unexpected '$user_name' (T_VARIABLE), expecting function (T_FUNCTION) in [/vagrant/cakephp_admin/app/Controller/HomesController.php, line 5]
2016-04-02 16:00:20 Error: [FatalErrorException] syntax error, unexpected '$user_name' (T_VARIABLE), expecting function (T_FUNCTION)
Request URL: /cakephp_admin/contacts
Stack Trace:
#0 /vagrant/cakephp_admin/lib/Cake/Error/ErrorHandler.php(213): ErrorHandler::handleFatalError(4, 'syntax error, u...', '/vagrant/cakeph...', 5)
#1 [internal function]: ErrorHandler::handleError(4, 'syntax error, u...', '/vagrant/cakeph...', 5, Array)
#2 /vagrant/cakephp_admin/lib/Cake/Core/App.php(933): call_user_func('ErrorHandler::h...', 4, 'syntax error, u...', '/vagrant/cakeph...', 5, Array)
#3 /vagrant/cakephp_admin/lib/Cake/Core/App.php(906): App::_checkFatalError()
#4 [internal function]: App::shutdown()
#5 {main}
2016-04-02 16:01:08 Error: Fatal Error (4): syntax error, unexpected '$this' (T_VARIABLE) in [/vagrant/cakephp_admin/app/Controller/HomesController.php, line 5]
2016-04-02 16:01:08 Error: [FatalErrorException] syntax error, unexpected '$this' (T_VARIABLE)
Request URL: /cakephp_admin/contacts
Stack Trace:
#0 /vagrant/cakephp_admin/lib/Cake/Error/ErrorHandler.php(213): ErrorHandler::handleFatalError(4, 'syntax error, u...', '/vagrant/cakeph...', 5)
#1 [internal function]: ErrorHandler::handleError(4, 'syntax error, u...', '/vagrant/cakeph...', 5, Array)
#2 /vagrant/cakephp_admin/lib/Cake/Core/App.php(933): call_user_func('ErrorHandler::h...', 4, 'syntax error, u...', '/vagrant/cakeph...', 5, Array)
#3 /vagrant/cakephp_admin/lib/Cake/Core/App.php(906): App::_checkFatalError()
#4 [internal function]: App::shutdown()
#5 {main}
2016-04-02 16:23:34 Error: [MissingTableException] Table contacts for model Contact was not found in datasource default.
Exception Attributes: array (
  'table' => 'contacts',
  'class' => 'Contact',
  'ds' => 'default',
)
Request URL: /cakephp_admin/contacts
Stack Trace:
#0 /vagrant/cakephp_admin/lib/Cake/Model/Model.php(3644): Model->setSource('contacts')
#1 /vagrant/cakephp_admin/lib/Cake/Model/Model.php(3022): Model->getDataSource()
#2 /vagrant/cakephp_admin/lib/Cake/Model/Model.php(2994): Model->_readDataSource('all', Array)
#3 /vagrant/cakephp_admin/app/Controller/HomesController.php(41): Model->find('all')
#4 [internal function]: HomesController->contacts()
#5 /vagrant/cakephp_admin/lib/Cake/Controller/Controller.php(490): ReflectionMethod->invokeArgs(Object(HomesController), Array)
#6 /vagrant/cakephp_admin/lib/Cake/Routing/Dispatcher.php(193): Controller->invokeAction(Object(CakeRequest))
#7 /vagrant/cakephp_admin/lib/Cake/Routing/Dispatcher.php(167): Dispatcher->_invoke(Object(HomesController), Object(CakeRequest))
#8 /vagrant/cakephp_admin/app/webroot/index.php(118): Dispatcher->dispatch(Object(CakeRequest), Object(CakeResponse))
#9 {main}
2016-04-02 16:24:35 Error: Fatal Error (4): syntax error, unexpected '$this' (T_VARIABLE), expecting function (T_FUNCTION) in [/vagrant/cakephp_admin/app/Model/Contact.php, line 5]
2016-04-02 16:24:35 Error: [FatalErrorException] syntax error, unexpected '$this' (T_VARIABLE), expecting function (T_FUNCTION)
Request URL: /cakephp_admin/contacts
Stack Trace:
#0 /vagrant/cakephp_admin/lib/Cake/Error/ErrorHandler.php(213): ErrorHandler::handleFatalError(4, 'syntax error, u...', '/vagrant/cakeph...', 5)
#1 [internal function]: ErrorHandler::handleError(4, 'syntax error, u...', '/vagrant/cakeph...', 5, Array)
#2 /vagrant/cakephp_admin/lib/Cake/Core/App.php(933): call_user_func('ErrorHandler::h...', 4, 'syntax error, u...', '/vagrant/cakeph...', 5, Array)
#3 /vagrant/cakephp_admin/lib/Cake/Core/App.php(906): App::_checkFatalError()
#4 [internal function]: App::shutdown()
#5 {main}
2016-04-02 16:26:04 Error: Fatal Error (4): syntax error, unexpected '$useDbConfig' (T_VARIABLE), expecting function (T_FUNCTION) in [/vagrant/cakephp_admin/app/Model/Contact.php, line 5]
2016-04-02 16:26:04 Error: [FatalErrorException] syntax error, unexpected '$useDbConfig' (T_VARIABLE), expecting function (T_FUNCTION)
Request URL: /cakephp_admin/contacts
Stack Trace:
#0 /vagrant/cakephp_admin/lib/Cake/Error/ErrorHandler.php(213): ErrorHandler::handleFatalError(4, 'syntax error, u...', '/vagrant/cakeph...', 5)
#1 [internal function]: ErrorHandler::handleError(4, 'syntax error, u...', '/vagrant/cakeph...', 5, Array)
#2 /vagrant/cakephp_admin/lib/Cake/Core/App.php(933): call_user_func('ErrorHandler::h...', 4, 'syntax error, u...', '/vagrant/cakeph...', 5, Array)
#3 /vagrant/cakephp_admin/lib/Cake/Core/App.php(906): App::_checkFatalError()
#4 [internal function]: App::shutdown()
#5 {main}
2016-04-02 17:16:36 Error: [PDOException] SQLSTATE[42000]: Syntax error or access violation: 1064 You have an error in your SQL syntax; check the manual that corresponds to your MySQL server version for the right syntax to use near 'findAll' at line 1
Request URL: /cakephp_admin/contacts
Stack Trace:
#0 /vagrant/cakephp_admin/lib/Cake/Model/Datasource/DboSource.php(461): PDOStatement->execute(Array)
#1 /vagrant/cakephp_admin/lib/Cake/Model/Datasource/DboSource.php(427): DboSource->_execute('findAll', Array)
#2 /vagrant/cakephp_admin/lib/Cake/Model/Datasource/DboSource.php(669): DboSource->execute('findAll', Array, Array)
#3 /vagrant/cakephp_admin/lib/Cake/Model/Datasource/DboSource.php(612): DboSource->fetchAll('findAll', Array, Array)
#4 /vagrant/cakephp_admin/lib/Cake/Model/Model.php(827): DboSource->query('findAll', Array, Object(Contact))
#5 /vagrant/cakephp_admin/app/Controller/HomesController.php(39): Model->__call('findAll', Array)
#6 /vagrant/cakephp_admin/app/Controller/HomesController.php(39): Contact->findAll()
#7 [internal function]: HomesController->contacts()
#8 /vagrant/cakephp_admin/lib/Cake/Controller/Controller.php(490): ReflectionMethod->invokeArgs(Object(HomesController), Array)
#9 /vagrant/cakephp_admin/lib/Cake/Routing/Dispatcher.php(193): Controller->invokeAction(Object(CakeRequest))
#10 /vagrant/cakephp_admin/lib/Cake/Routing/Dispatcher.php(167): Dispatcher->_invoke(Object(HomesController), Object(CakeRequest))
#11 /vagrant/cakephp_admin/app/webroot/index.php(118): Dispatcher->dispatch(Object(CakeRequest), Object(CakeResponse))
#12 {main}
2016-04-02 17:42:35 Error: [MissingActionException] Action UsersController::detail() could not be found.
Exception Attributes: array (
  'controller' => 'UsersController',
  'action' => 'detail',
)
Request URL: /cakephp_admin/detail?id=1
Stack Trace:
#0 /vagrant/cakephp_admin/lib/Cake/Routing/Dispatcher.php(193): Controller->invokeAction(Object(CakeRequest))
#1 /vagrant/cakephp_admin/lib/Cake/Routing/Dispatcher.php(167): Dispatcher->_invoke(Object(UsersController), Object(CakeRequest))
#2 /vagrant/cakephp_admin/app/webroot/index.php(118): Dispatcher->dispatch(Object(CakeRequest), Object(CakeResponse))
#3 {main}
2016-04-02 17:53:21 Error: [MissingActionException] Action UsersController::detail() could not be found.
Exception Attributes: array (
  'controller' => 'UsersController',
  'action' => 'detail',
)
Request URL: /cakephp_admin/detail?id=1
Stack Trace:
#0 /vagrant/cakephp_admin/lib/Cake/Routing/Dispatcher.php(193): Controller->invokeAction(Object(CakeRequest))
#1 /vagrant/cakephp_admin/lib/Cake/Routing/Dispatcher.php(167): Dispatcher->_invoke(Object(UsersController), Object(CakeRequest))
#2 /vagrant/cakephp_admin/app/webroot/index.php(118): Dispatcher->dispatch(Object(CakeRequest), Object(CakeResponse))
#3 {main}
2016-04-02 17:53:25 Error: [MissingActionException] Action UsersController::detail() could not be found.
Exception Attributes: array (
  'controller' => 'UsersController',
  'action' => 'detail',
)
Request URL: /cakephp_admin/detail?id=1
Stack Trace:
#0 /vagrant/cakephp_admin/lib/Cake/Routing/Dispatcher.php(193): Controller->invokeAction(Object(CakeRequest))
#1 /vagrant/cakephp_admin/lib/Cake/Routing/Dispatcher.php(167): Dispatcher->_invoke(Object(UsersController), Object(CakeRequest))
#2 /vagrant/cakephp_admin/app/webroot/index.php(118): Dispatcher->dispatch(Object(CakeRequest), Object(CakeResponse))
#3 {main}
2016-04-02 18:00:45 Error: Fatal Error (4): syntax error, unexpected ';' in [/vagrant/cakephp_admin/app/Controller/HomesController.php, line 46]
2016-04-02 18:00:45 Error: [FatalErrorException] syntax error, unexpected ';'
Request URL: /cakephp_admin/homes/detail/1
Stack Trace:
#0 /vagrant/cakephp_admin/lib/Cake/Error/ErrorHandler.php(213): ErrorHandler::handleFatalError(4, 'syntax error, u...', '/vagrant/cakeph...', 46)
#1 [internal function]: ErrorHandler::handleError(4, 'syntax error, u...', '/vagrant/cakeph...', 46, Array)
#2 /vagrant/cakephp_admin/lib/Cake/Core/App.php(933): call_user_func('ErrorHandler::h...', 4, 'syntax error, u...', '/vagrant/cakeph...', 46, Array)
#3 /vagrant/cakephp_admin/lib/Cake/Core/App.php(906): App::_checkFatalError()
#4 [internal function]: App::shutdown()
#5 {main}
2016-04-02 18:02:11 Error: [MissingActionException] Action UsersController::homes() could not be found.
Exception Attributes: array (
  'controller' => 'UsersController',
  'action' => 'homes',
)
Request URL: /cakephp_admin/homes/
Stack Trace:
#0 /vagrant/cakephp_admin/lib/Cake/Routing/Dispatcher.php(193): Controller->invokeAction(Object(CakeRequest))
#1 /vagrant/cakephp_admin/lib/Cake/Routing/Dispatcher.php(167): Dispatcher->_invoke(Object(UsersController), Object(CakeRequest))
#2 /vagrant/cakephp_admin/app/webroot/index.php(118): Dispatcher->dispatch(Object(CakeRequest), Object(CakeResponse))
#3 {main}
2016-04-06 22:38:12 Error: [MissingControllerException] Controller class ContactsController could not be found.
Exception Attributes: array (
  'class' => 'ContactsController',
  'plugin' => NULL,
)
Request URL: /cakephp_admin/contacts/1
Stack Trace:
#0 /vagrant/cakephp_admin/app/webroot/index.php(118): Dispatcher->dispatch(Object(CakeRequest), Object(CakeResponse))
#1 {main}
2016-04-06 22:45:23 Error: [MissingActionException] Action UsersController::detail() could not be found.
Exception Attributes: array (
  'controller' => 'UsersController',
  'action' => 'detail',
)
Request URL: /cakephp_admin/detail
Stack Trace:
#0 /vagrant/cakephp_admin/lib/Cake/Routing/Dispatcher.php(193): Controller->invokeAction(Object(CakeRequest))
#1 /vagrant/cakephp_admin/lib/Cake/Routing/Dispatcher.php(167): Dispatcher->_invoke(Object(UsersController), Object(CakeRequest))
#2 /vagrant/cakephp_admin/app/webroot/index.php(118): Dispatcher->dispatch(Object(CakeRequest), Object(CakeResponse))
#3 {main}
2016-04-06 22:47:36 Error: [MissingControllerException] Controller class DetailController could not be found.
Exception Attributes: array (
  'class' => 'DetailController',
  'plugin' => NULL,
)
Request URL: /cakephp_admin/detail/$data['Contact']['id']
Stack Trace:
#0 /vagrant/cakephp_admin/app/webroot/index.php(118): Dispatcher->dispatch(Object(CakeRequest), Object(CakeResponse))
#1 {main}
2016-04-06 22:48:21 Error: [MissingControllerException] Controller class DetailController could not be found.
Exception Attributes: array (
  'class' => 'DetailController',
  'plugin' => NULL,
)
Request URL: /cakephp_admin/detail/$data['Contact']['id']
Stack Trace:
#0 /vagrant/cakephp_admin/app/webroot/index.php(118): Dispatcher->dispatch(Object(CakeRequest), Object(CakeResponse))
#1 {main}
2016-04-06 22:54:02 Error: Fatal Error (4): syntax error, unexpected '?>' in [/vagrant/cakephp_admin/app/View/Homes/contacts.ctp, line 30]
2016-04-06 22:54:02 Error: [FatalErrorException] syntax error, unexpected '?>'
Request URL: /cakephp_admin/contacts
Stack Trace:
#0 /vagrant/cakephp_admin/lib/Cake/Error/ErrorHandler.php(213): ErrorHandler::handleFatalError(4, 'syntax error, u...', '/vagrant/cakeph...', 30)
#1 [internal function]: ErrorHandler::handleError(4, 'syntax error, u...', '/vagrant/cakeph...', 30, Array)
#2 /vagrant/cakephp_admin/lib/Cake/Core/App.php(933): call_user_func('ErrorHandler::h...', 4, 'syntax error, u...', '/vagrant/cakeph...', 30, Array)
#3 /vagrant/cakephp_admin/lib/Cake/Core/App.php(906): App::_checkFatalError()
#4 [internal function]: App::shutdown()
#5 {main}
2016-04-06 22:54:26 Error: Fatal Error (4): syntax error, unexpected '?>' in [/vagrant/cakephp_admin/app/View/Homes/contacts.ctp, line 30]
2016-04-06 22:54:26 Error: [FatalErrorException] syntax error, unexpected '?>'
Request URL: /cakephp_admin/contacts
Stack Trace:
#0 /vagrant/cakephp_admin/lib/Cake/Error/ErrorHandler.php(213): ErrorHandler::handleFatalError(4, 'syntax error, u...', '/vagrant/cakeph...', 30)
#1 [internal function]: ErrorHandler::handleError(4, 'syntax error, u...', '/vagrant/cakeph...', 30, Array)
#2 /vagrant/cakephp_admin/lib/Cake/Core/App.php(933): call_user_func('ErrorHandler::h...', 4, 'syntax error, u...', '/vagrant/cakeph...', 30, Array)
#3 /vagrant/cakephp_admin/lib/Cake/Core/App.php(906): App::_checkFatalError()
#4 [internal function]: App::shutdown()
#5 {main}
2016-04-06 22:59:23 Error: [PDOException] SQLSTATE[42S22]: Column not found: 1054 Unknown column 'Contacts.created' in 'order clause'
Request URL: /cakephp_admin/contacts
Stack Trace:
#0 /vagrant/cakephp_admin/lib/Cake/Model/Datasource/DboSource.php(461): PDOStatement->execute(Array)
#1 /vagrant/cakephp_admin/lib/Cake/Model/Datasource/DboSource.php(427): DboSource->_execute('SELECT `Contact...', Array)
#2 /vagrant/cakephp_admin/lib/Cake/Model/Datasource/DboSource.php(669): DboSource->execute('SELECT `Contact...', Array, Array)
#3 /vagrant/cakephp_admin/lib/Cake/Model/Datasource/DboSource.php(1108): DboSource->fetchAll('SELECT `Contact...', false)
#4 /vagrant/cakephp_admin/lib/Cake/Model/Model.php(3022): DboSource->read(Object(Contact), Array)
#5 /vagrant/cakephp_admin/lib/Cake/Model/Model.php(2994): Model->_readDataSource('all', Array)
#6 /vagrant/cakephp_admin/app/Controller/HomesController.php(39): Model->find('all', Array)
#7 [internal function]: HomesController->contacts()
#8 /vagrant/cakephp_admin/lib/Cake/Controller/Controller.php(490): ReflectionMethod->invokeArgs(Object(HomesController), Array)
#9 /vagrant/cakephp_admin/lib/Cake/Routing/Dispatcher.php(193): Controller->invokeAction(Object(CakeRequest))
#10 /vagrant/cakephp_admin/lib/Cake/Routing/Dispatcher.php(167): Dispatcher->_invoke(Object(HomesController), Object(CakeRequest))
#11 /vagrant/cakephp_admin/app/webroot/index.php(118): Dispatcher->dispatch(Object(CakeRequest), Object(CakeResponse))
#12 {main}
2016-04-06 23:05:55 Error: Fatal Error (4): syntax error, unexpected ';' in [/vagrant/cakephp_admin/app/Controller/HomesController.php, line 39]
2016-04-06 23:05:55 Error: [FatalErrorException] syntax error, unexpected ';'
Request URL: /cakephp_admin/contacts
Stack Trace:
#0 /vagrant/cakephp_admin/lib/Cake/Error/ErrorHandler.php(213): ErrorHandler::handleFatalError(4, 'syntax error, u...', '/vagrant/cakeph...', 39)
#1 [internal function]: ErrorHandler::handleError(4, 'syntax error, u...', '/vagrant/cakeph...', 39, Array)
#2 /vagrant/cakephp_admin/lib/Cake/Core/App.php(933): call_user_func('ErrorHandler::h...', 4, 'syntax error, u...', '/vagrant/cakeph...', 39, Array)
#3 /vagrant/cakephp_admin/lib/Cake/Core/App.php(906): App::_checkFatalError()
#4 [internal function]: App::shutdown()
#5 {main}
2016-04-06 23:06:16 Error: Fatal Error (4): syntax error, unexpected ';' in [/vagrant/cakephp_admin/app/Controller/HomesController.php, line 39]
2016-04-06 23:06:16 Error: [FatalErrorException] syntax error, unexpected ';'
Request URL: /cakephp_admin/contacts
Stack Trace:
#0 /vagrant/cakephp_admin/lib/Cake/Error/ErrorHandler.php(213): ErrorHandler::handleFatalError(4, 'syntax error, u...', '/vagrant/cakeph...', 39)
#1 [internal function]: ErrorHandler::handleError(4, 'syntax error, u...', '/vagrant/cakeph...', 39, Array)
#2 /vagrant/cakephp_admin/lib/Cake/Core/App.php(933): call_user_func('ErrorHandler::h...', 4, 'syntax error, u...', '/vagrant/cakeph...', 39, Array)
#3 /vagrant/cakephp_admin/lib/Cake/Core/App.php(906): App::_checkFatalError()
#4 [internal function]: App::shutdown()
#5 {main}
2016-04-06 23:06:21 Error: Fatal Error (4): syntax error, unexpected ';' in [/vagrant/cakephp_admin/app/Controller/HomesController.php, line 39]
2016-04-06 23:06:21 Error: [FatalErrorException] syntax error, unexpected ';'
Request URL: /cakephp_admin/contacts
Stack Trace:
#0 /vagrant/cakephp_admin/lib/Cake/Error/ErrorHandler.php(213): ErrorHandler::handleFatalError(4, 'syntax error, u...', '/vagrant/cakeph...', 39)
#1 [internal function]: ErrorHandler::handleError(4, 'syntax error, u...', '/vagrant/cakeph...', 39, Array)
#2 /vagrant/cakephp_admin/lib/Cake/Core/App.php(933): call_user_func('ErrorHandler::h...', 4, 'syntax error, u...', '/vagrant/cakeph...', 39, Array)
#3 /vagrant/cakephp_admin/lib/Cake/Core/App.php(906): App::_checkFatalError()
#4 [internal function]: App::shutdown()
#5 {main}
2016-04-09 12:43:06 Error: [MissingTableException] Table types for model Type was not found in datasource default.
Exception Attributes: array (
  'table' => 'types',
  'class' => 'Type',
  'ds' => 'default',
)
Request URL: /cakephp_admin/contacts
Stack Trace:
#0 /vagrant/cakephp_admin/lib/Cake/Model/Model.php(3644): Model->setSource('types')
#1 /vagrant/cakephp_admin/lib/Cake/Model/Datasource/DboSource.php(1130): Model->getDataSource()
#2 /vagrant/cakephp_admin/lib/Cake/Model/Model.php(3022): DboSource->read(Object(Contact), Array)
#3 /vagrant/cakephp_admin/lib/Cake/Model/Model.php(2994): Model->_readDataSource('all', Array)
#4 /vagrant/cakephp_admin/app/Controller/HomesController.php(39): Model->find('all', Array)
#5 [internal function]: HomesController->contacts()
#6 /vagrant/cakephp_admin/lib/Cake/Controller/Controller.php(490): ReflectionMethod->invokeArgs(Object(HomesController), Array)
#7 /vagrant/cakephp_admin/lib/Cake/Routing/Dispatcher.php(193): Controller->invokeAction(Object(CakeRequest))
#8 /vagrant/cakephp_admin/lib/Cake/Routing/Dispatcher.php(167): Dispatcher->_invoke(Object(HomesController), Object(CakeRequest))
#9 /vagrant/cakephp_admin/app/webroot/index.php(118): Dispatcher->dispatch(Object(CakeRequest), Object(CakeResponse))
#10 {main}
2016-04-09 12:44:31 Error: [MissingTableException] Table types for model Type was not found in datasource default.
Exception Attributes: array (
  'table' => 'types',
  'class' => 'Type',
  'ds' => 'default',
)
Request URL: /cakephp_admin/contacts
Stack Trace:
#0 /vagrant/cakephp_admin/lib/Cake/Model/Model.php(3644): Model->setSource('types')
#1 /vagrant/cakephp_admin/lib/Cake/Model/Datasource/DboSource.php(1130): Model->getDataSource()
#2 /vagrant/cakephp_admin/lib/Cake/Model/Model.php(3022): DboSource->read(Object(Contact), Array)
#3 /vagrant/cakephp_admin/lib/Cake/Model/Model.php(2994): Model->_readDataSource('all', Array)
#4 /vagrant/cakephp_admin/app/Controller/HomesController.php(39): Model->find('all', Array)
#5 [internal function]: HomesController->contacts()
#6 /vagrant/cakephp_admin/lib/Cake/Controller/Controller.php(490): ReflectionMethod->invokeArgs(Object(HomesController), Array)
#7 /vagrant/cakephp_admin/lib/Cake/Routing/Dispatcher.php(193): Controller->invokeAction(Object(CakeRequest))
#8 /vagrant/cakephp_admin/lib/Cake/Routing/Dispatcher.php(167): Dispatcher->_invoke(Object(HomesController), Object(CakeRequest))
#9 /vagrant/cakephp_admin/app/webroot/index.php(118): Dispatcher->dispatch(Object(CakeRequest), Object(CakeResponse))
#10 {main}
2016-04-09 12:44:40 Error: [MissingTableException] Table types for model Type was not found in datasource default.
Exception Attributes: array (
  'table' => 'types',
  'class' => 'Type',
  'ds' => 'default',
)
Request URL: /cakephp_admin/contacts
Stack Trace:
#0 /vagrant/cakephp_admin/lib/Cake/Model/Model.php(3644): Model->setSource('types')
#1 /vagrant/cakephp_admin/lib/Cake/Model/Datasource/DboSource.php(1130): Model->getDataSource()
#2 /vagrant/cakephp_admin/lib/Cake/Model/Model.php(3022): DboSource->read(Object(Contact), Array)
#3 /vagrant/cakephp_admin/lib/Cake/Model/Model.php(2994): Model->_readDataSource('all', Array)
#4 /vagrant/cakephp_admin/app/Controller/HomesController.php(39): Model->find('all', Array)
#5 [internal function]: HomesController->contacts()
#6 /vagrant/cakephp_admin/lib/Cake/Controller/Controller.php(490): ReflectionMethod->invokeArgs(Object(HomesController), Array)
#7 /vagrant/cakephp_admin/lib/Cake/Routing/Dispatcher.php(193): Controller->invokeAction(Object(CakeRequest))
#8 /vagrant/cakephp_admin/lib/Cake/Routing/Dispatcher.php(167): Dispatcher->_invoke(Object(HomesController), Object(CakeRequest))
#9 /vagrant/cakephp_admin/app/webroot/index.php(118): Dispatcher->dispatch(Object(CakeRequest), Object(CakeResponse))
#10 {main}
2016-04-09 12:45:14 Error: [MissingDatasourceConfigException] The datasource configuration "types" was not found in database.php
Exception Attributes: array (
  'config' => 'types',
)
Request URL: /cakephp_admin/contacts
Stack Trace:
#0 /vagrant/cakephp_admin/lib/Cake/Model/ConnectionManager.php(91): ConnectionManager::_getConnectionObject('types')
#1 /vagrant/cakephp_admin/lib/Cake/Model/Model.php(3617): ConnectionManager::getDataSource('types')
#2 /vagrant/cakephp_admin/lib/Cake/Model/Model.php(1155): Model->setDataSource('types')
#3 /vagrant/cakephp_admin/lib/Cake/Model/Model.php(3644): Model->setSource('types')
#4 /vagrant/cakephp_admin/lib/Cake/Model/Datasource/DboSource.php(1130): Model->getDataSource()
#5 /vagrant/cakephp_admin/lib/Cake/Model/Model.php(3022): DboSource->read(Object(Contact), Array)
#6 /vagrant/cakephp_admin/lib/Cake/Model/Model.php(2994): Model->_readDataSource('all', Array)
#7 /vagrant/cakephp_admin/app/Controller/HomesController.php(39): Model->find('all', Array)
#8 [internal function]: HomesController->contacts()
#9 /vagrant/cakephp_admin/lib/Cake/Controller/Controller.php(490): ReflectionMethod->invokeArgs(Object(HomesController), Array)
#10 /vagrant/cakephp_admin/lib/Cake/Routing/Dispatcher.php(193): Controller->invokeAction(Object(CakeRequest))
#11 /vagrant/cakephp_admin/lib/Cake/Routing/Dispatcher.php(167): Dispatcher->_invoke(Object(HomesController), Object(CakeRequest))
#12 /vagrant/cakephp_admin/app/webroot/index.php(118): Dispatcher->dispatch(Object(CakeRequest), Object(CakeResponse))
#13 {main}
2016-04-09 12:46:51 Error: [MissingDatasourceConfigException] The datasource configuration "types" was not found in database.php
Exception Attributes: array (
  'config' => 'types',
)
Request URL: /cakephp_admin/contacts
Stack Trace:
#0 /vagrant/cakephp_admin/lib/Cake/Model/ConnectionManager.php(91): ConnectionManager::_getConnectionObject('types')
#1 /vagrant/cakephp_admin/lib/Cake/Model/Model.php(3617): ConnectionManager::getDataSource('types')
#2 /vagrant/cakephp_admin/lib/Cake/Model/Model.php(1155): Model->setDataSource('types')
#3 /vagrant/cakephp_admin/lib/Cake/Model/Model.php(3644): Model->setSource('types')
#4 /vagrant/cakephp_admin/lib/Cake/Model/Datasource/DboSource.php(1130): Model->getDataSource()
#5 /vagrant/cakephp_admin/lib/Cake/Model/Model.php(3022): DboSource->read(Object(Contact), Array)
#6 /vagrant/cakephp_admin/lib/Cake/Model/Model.php(2994): Model->_readDataSource('all', Array)
#7 /vagrant/cakephp_admin/app/Controller/HomesController.php(39): Model->find('all', Array)
#8 [internal function]: HomesController->contacts()
#9 /vagrant/cakephp_admin/lib/Cake/Controller/Controller.php(490): ReflectionMethod->invokeArgs(Object(HomesController), Array)
#10 /vagrant/cakephp_admin/lib/Cake/Routing/Dispatcher.php(193): Controller->invokeAction(Object(CakeRequest))
#11 /vagrant/cakephp_admin/lib/Cake/Routing/Dispatcher.php(167): Dispatcher->_invoke(Object(HomesController), Object(CakeRequest))
#12 /vagrant/cakephp_admin/app/webroot/index.php(118): Dispatcher->dispatch(Object(CakeRequest), Object(CakeResponse))
#13 {main}
2016-04-09 12:47:49 Error: [PDOException] SQLSTATE[42S22]: Column not found: 1054 Unknown column 'Contact.value' in 'on clause'
Request URL: /cakephp_admin/contacts
Stack Trace:
#0 /vagrant/cakephp_admin/lib/Cake/Model/Datasource/DboSource.php(461): PDOStatement->execute(Array)
#1 /vagrant/cakephp_admin/lib/Cake/Model/Datasource/DboSource.php(427): DboSource->_execute('SELECT `Contact...', Array)
#2 /vagrant/cakephp_admin/lib/Cake/Model/Datasource/DboSource.php(669): DboSource->execute('SELECT `Contact...', Array, Array)
#3 /vagrant/cakephp_admin/lib/Cake/Model/Datasource/DboSource.php(1108): DboSource->fetchAll('SELECT `Contact...', false)
#4 /vagrant/cakephp_admin/lib/Cake/Model/Model.php(3022): DboSource->read(Object(Contact), Array)
#5 /vagrant/cakephp_admin/lib/Cake/Model/Model.php(2994): Model->_readDataSource('all', Array)
#6 /vagrant/cakephp_admin/app/Controller/HomesController.php(39): Model->find('all', Array)
#7 [internal function]: HomesController->contacts()
#8 /vagrant/cakephp_admin/lib/Cake/Controller/Controller.php(490): ReflectionMethod->invokeArgs(Object(HomesController), Array)
#9 /vagrant/cakephp_admin/lib/Cake/Routing/Dispatcher.php(193): Controller->invokeAction(Object(CakeRequest))
#10 /vagrant/cakephp_admin/lib/Cake/Routing/Dispatcher.php(167): Dispatcher->_invoke(Object(HomesController), Object(CakeRequest))
#11 /vagrant/cakephp_admin/app/webroot/index.php(118): Dispatcher->dispatch(Object(CakeRequest), Object(CakeResponse))
#12 {main}
2016-04-09 12:50:46 Error: [PDOException] SQLSTATE[42S22]: Column not found: 1054 Unknown column 'Type.id' in 'on clause'
Request URL: /cakephp_admin/contacts
Stack Trace:
#0 /vagrant/cakephp_admin/lib/Cake/Model/Datasource/DboSource.php(461): PDOStatement->execute(Array)
#1 /vagrant/cakephp_admin/lib/Cake/Model/Datasource/DboSource.php(427): DboSource->_execute('SELECT `Contact...', Array)
#2 /vagrant/cakephp_admin/lib/Cake/Model/Datasource/DboSource.php(669): DboSource->execute('SELECT `Contact...', Array, Array)
#3 /vagrant/cakephp_admin/lib/Cake/Model/Datasource/DboSource.php(1108): DboSource->fetchAll('SELECT `Contact...', false)
#4 /vagrant/cakephp_admin/lib/Cake/Model/Model.php(3022): DboSource->read(Object(Contact), Array)
#5 /vagrant/cakephp_admin/lib/Cake/Model/Model.php(2994): Model->_readDataSource('all', Array)
#6 /vagrant/cakephp_admin/app/Controller/HomesController.php(39): Model->find('all', Array)
#7 [internal function]: HomesController->contacts()
#8 /vagrant/cakephp_admin/lib/Cake/Controller/Controller.php(490): ReflectionMethod->invokeArgs(Object(HomesController), Array)
#9 /vagrant/cakephp_admin/lib/Cake/Routing/Dispatcher.php(193): Controller->invokeAction(Object(CakeRequest))
#10 /vagrant/cakephp_admin/lib/Cake/Routing/Dispatcher.php(167): Dispatcher->_invoke(Object(HomesController), Object(CakeRequest))
#11 /vagrant/cakephp_admin/app/webroot/index.php(118): Dispatcher->dispatch(Object(CakeRequest), Object(CakeResponse))
#12 {main}
2016-04-09 12:51:19 Error: [MissingTableException] Table types for model Type was not found in datasource default.
Exception Attributes: array (
  'table' => 'types',
  'class' => 'Type',
  'ds' => 'default',
)
Request URL: /cakephp_admin/contacts
Stack Trace:
#0 /vagrant/cakephp_admin/lib/Cake/Model/Model.php(3644): Model->setSource('types')
#1 /vagrant/cakephp_admin/lib/Cake/Model/Datasource/DboSource.php(1130): Model->getDataSource()
#2 /vagrant/cakephp_admin/lib/Cake/Model/Model.php(3022): DboSource->read(Object(Contact), Array)
#3 /vagrant/cakephp_admin/lib/Cake/Model/Model.php(2994): Model->_readDataSource('all', Array)
#4 /vagrant/cakephp_admin/app/Controller/HomesController.php(39): Model->find('all', Array)
#5 [internal function]: HomesController->contacts()
#6 /vagrant/cakephp_admin/lib/Cake/Controller/Controller.php(490): ReflectionMethod->invokeArgs(Object(HomesController), Array)
#7 /vagrant/cakephp_admin/lib/Cake/Routing/Dispatcher.php(193): Controller->invokeAction(Object(CakeRequest))
#8 /vagrant/cakephp_admin/lib/Cake/Routing/Dispatcher.php(167): Dispatcher->_invoke(Object(HomesController), Object(CakeRequest))
#9 /vagrant/cakephp_admin/app/webroot/index.php(118): Dispatcher->dispatch(Object(CakeRequest), Object(CakeResponse))
#10 {main}
2016-04-09 14:54:10 Error: [MissingTableException] Table homes for model Home was not found in datasource default.
Exception Attributes: array (
  'table' => 'homes',
  'class' => 'Home',
  'ds' => 'default',
)
Request URL: /cakephp_admin/contacts
Stack Trace:
#0 /vagrant/cakephp_admin/lib/Cake/Model/Model.php(3644): Model->setSource('homes')
#1 /vagrant/cakephp_admin/lib/Cake/Model/Model.php(1387): Model->getDataSource()
#2 /vagrant/cakephp_admin/lib/Cake/Model/Model.php(1483): Model->schema()
#3 /vagrant/cakephp_admin/lib/Cake/Controller/Component/PaginatorComponent.php(400): Model->hasField('created')
#4 /vagrant/cakephp_admin/lib/Cake/Controller/Component/PaginatorComponent.php(142): PaginatorComponent->validateSort(Object(AppModel), Array, Array)
#5 /vagrant/cakephp_admin/lib/Cake/Controller/Controller.php(1086): PaginatorComponent->paginate(NULL, Array, Array)
#6 /vagrant/cakephp_admin/app/Controller/HomesController.php(46): Controller->paginate()
#7 [internal function]: HomesController->contacts()
#8 /vagrant/cakephp_admin/lib/Cake/Controller/Controller.php(490): ReflectionMethod->invokeArgs(Object(HomesController), Array)
#9 /vagrant/cakephp_admin/lib/Cake/Routing/Dispatcher.php(193): Controller->invokeAction(Object(CakeRequest))
#10 /vagrant/cakephp_admin/lib/Cake/Routing/Dispatcher.php(167): Dispatcher->_invoke(Object(HomesController), Object(CakeRequest))
#11 /vagrant/cakephp_admin/app/webroot/index.php(118): Dispatcher->dispatch(Object(CakeRequest), Object(CakeResponse))
#12 {main}
2016-04-09 14:54:52 Error: [MissingTableException] Table homes for model Home was not found in datasource default.
Exception Attributes: array (
  'table' => 'homes',
  'class' => 'Home',
  'ds' => 'default',
)
Request URL: /cakephp_admin/contacts
Stack Trace:
#0 /vagrant/cakephp_admin/lib/Cake/Model/Model.php(3644): Model->setSource('homes')
#1 /vagrant/cakephp_admin/lib/Cake/Model/Model.php(1387): Model->getDataSource()
#2 /vagrant/cakephp_admin/lib/Cake/Model/Model.php(1483): Model->schema()
#3 /vagrant/cakephp_admin/lib/Cake/Controller/Component/PaginatorComponent.php(400): Model->hasField('created')
#4 /vagrant/cakephp_admin/lib/Cake/Controller/Component/PaginatorComponent.php(142): PaginatorComponent->validateSort(Object(AppModel), Array, Array)
#5 /vagrant/cakephp_admin/lib/Cake/Controller/Controller.php(1086): PaginatorComponent->paginate(NULL, Array, Array)
#6 /vagrant/cakephp_admin/app/Controller/HomesController.php(45): Controller->paginate()
#7 [internal function]: HomesController->contacts()
#8 /vagrant/cakephp_admin/lib/Cake/Controller/Controller.php(490): ReflectionMethod->invokeArgs(Object(HomesController), Array)
#9 /vagrant/cakephp_admin/lib/Cake/Routing/Dispatcher.php(193): Controller->invokeAction(Object(CakeRequest))
#10 /vagrant/cakephp_admin/lib/Cake/Routing/Dispatcher.php(167): Dispatcher->_invoke(Object(HomesController), Object(CakeRequest))
#11 /vagrant/cakephp_admin/app/webroot/index.php(118): Dispatcher->dispatch(Object(CakeRequest), Object(CakeResponse))
#12 {main}
2016-04-09 14:58:01 Error: [MissingTableException] Table homes for model Home was not found in datasource default.
Exception Attributes: array (
  'table' => 'homes',
  'class' => 'Home',
  'ds' => 'default',
)
Request URL: /cakephp_admin/contacts
Stack Trace:
#0 /vagrant/cakephp_admin/lib/Cake/Model/Model.php(3644): Model->setSource('homes')
#1 /vagrant/cakephp_admin/lib/Cake/Model/Model.php(3022): Model->getDataSource()
#2 /vagrant/cakephp_admin/lib/Cake/Model/Model.php(2994): Model->_readDataSource('all', Array)
#3 /vagrant/cakephp_admin/lib/Cake/Controller/Component/PaginatorComponent.php(196): Model->find('all', Array)
#4 /vagrant/cakephp_admin/lib/Cake/Controller/Controller.php(1086): PaginatorComponent->paginate(NULL, Array, Array)
#5 /vagrant/cakephp_admin/app/Controller/HomesController.php(46): Controller->paginate()
#6 [internal function]: HomesController->contacts()
#7 /vagrant/cakephp_admin/lib/Cake/Controller/Controller.php(490): ReflectionMethod->invokeArgs(Object(HomesController), Array)
#8 /vagrant/cakephp_admin/lib/Cake/Routing/Dispatcher.php(193): Controller->invokeAction(Object(CakeRequest))
#9 /vagrant/cakephp_admin/lib/Cake/Routing/Dispatcher.php(167): Dispatcher->_invoke(Object(HomesController), Object(CakeRequest))
#10 /vagrant/cakephp_admin/app/webroot/index.php(118): Dispatcher->dispatch(Object(CakeRequest), Object(CakeResponse))
#11 {main}
2016-04-09 15:30:05 Error: Fatal Error (4): syntax error, unexpected '?' in [/vagrant/cakephp_admin/app/View/Elements/header.ctp, line 10]
2016-04-09 15:30:05 Error: [FatalErrorException] syntax error, unexpected '?'
Request URL: /cakephp_admin/contacts
Stack Trace:
#0 /vagrant/cakephp_admin/lib/Cake/Error/ErrorHandler.php(213): ErrorHandler::handleFatalError(4, 'syntax error, u...', '/vagrant/cakeph...', 10)
#1 [internal function]: ErrorHandler::handleError(4, 'syntax error, u...', '/vagrant/cakeph...', 10, Array)
#2 /vagrant/cakephp_admin/lib/Cake/Core/App.php(933): call_user_func('ErrorHandler::h...', 4, 'syntax error, u...', '/vagrant/cakeph...', 10, Array)
#3 /vagrant/cakephp_admin/lib/Cake/Core/App.php(906): App::_checkFatalError()
#4 [internal function]: App::shutdown()
#5 {main}
2016-04-09 15:30:19 Error: Fatal Error (4): syntax error, unexpected '?' in [/vagrant/cakephp_admin/app/View/Elements/header.ctp, line 10]
2016-04-09 15:30:19 Error: [FatalErrorException] syntax error, unexpected '?'
Request URL: /cakephp_admin/contacts
Stack Trace:
#0 /vagrant/cakephp_admin/lib/Cake/Error/ErrorHandler.php(213): ErrorHandler::handleFatalError(4, 'syntax error, u...', '/vagrant/cakeph...', 10)
#1 [internal function]: ErrorHandler::handleError(4, 'syntax error, u...', '/vagrant/cakeph...', 10, Array)
#2 /vagrant/cakephp_admin/lib/Cake/Core/App.php(933): call_user_func('ErrorHandler::h...', 4, 'syntax error, u...', '/vagrant/cakeph...', 10, Array)
#3 /vagrant/cakephp_admin/lib/Cake/Core/App.php(906): App::_checkFatalError()
#4 [internal function]: App::shutdown()
#5 {main}
2016-04-09 15:31:06 Error: Fatal Error (4): syntax error, unexpected '?' in [/vagrant/cakephp_admin/app/View/Elements/header.ctp, line 10]
2016-04-09 15:31:06 Error: [FatalErrorException] syntax error, unexpected '?'
Request URL: /cakephp_admin/contacts
Stack Trace:
#0 /vagrant/cakephp_admin/lib/Cake/Error/ErrorHandler.php(213): ErrorHandler::handleFatalError(4, 'syntax error, u...', '/vagrant/cakeph...', 10)
#1 [internal function]: ErrorHandler::handleError(4, 'syntax error, u...', '/vagrant/cakeph...', 10, Array)
#2 /vagrant/cakephp_admin/lib/Cake/Core/App.php(933): call_user_func('ErrorHandler::h...', 4, 'syntax error, u...', '/vagrant/cakeph...', 10, Array)
#3 /vagrant/cakephp_admin/lib/Cake/Core/App.php(906): App::_checkFatalError()
#4 [internal function]: App::shutdown()
#5 {main}
2016-04-09 15:32:24 Error: Fatal Error (4): syntax error, unexpected ':', expecting ',' or ';' in [/vagrant/cakephp_admin/app/View/Elements/header.ctp, line 10]
2016-04-09 15:32:24 Error: [FatalErrorException] syntax error, unexpected ':', expecting ',' or ';'
Request URL: /cakephp_admin/contacts
Stack Trace:
#0 /vagrant/cakephp_admin/lib/Cake/Error/ErrorHandler.php(213): ErrorHandler::handleFatalError(4, 'syntax error, u...', '/vagrant/cakeph...', 10)
#1 [internal function]: ErrorHandler::handleError(4, 'syntax error, u...', '/vagrant/cakeph...', 10, Array)
#2 /vagrant/cakephp_admin/lib/Cake/Core/App.php(933): call_user_func('ErrorHandler::h...', 4, 'syntax error, u...', '/vagrant/cakeph...', 10, Array)
#3 /vagrant/cakephp_admin/lib/Cake/Core/App.php(906): App::_checkFatalError()
#4 [internal function]: App::shutdown()
#5 {main}
2016-04-09 17:11:05 Error: Fatal Error (4): syntax error, unexpected '$this' (T_VARIABLE) in [/vagrant/cakephp_admin/app/Controller/HomesController.php, line 33]
2016-04-09 17:11:05 Error: [FatalErrorException] syntax error, unexpected '$this' (T_VARIABLE)
Request URL: /cakephp_admin/detail/67
Stack Trace:
#0 /vagrant/cakephp_admin/lib/Cake/Error/ErrorHandler.php(213): ErrorHandler::handleFatalError(4, 'syntax error, u...', '/vagrant/cakeph...', 33)
#1 [internal function]: ErrorHandler::handleError(4, 'syntax error, u...', '/vagrant/cakeph...', 33, Array)
#2 /vagrant/cakephp_admin/lib/Cake/Core/App.php(933): call_user_func('ErrorHandler::h...', 4, 'syntax error, u...', '/vagrant/cakeph...', 33, Array)
#3 /vagrant/cakephp_admin/lib/Cake/Core/App.php(906): App::_checkFatalError()
#4 [internal function]: App::shutdown()
#5 {main}
2016-04-09 17:11:43 Error: Fatal Error (4): syntax error, unexpected '$this' (T_VARIABLE) in [/vagrant/cakephp_admin/app/Controller/HomesController.php, line 33]
2016-04-09 17:11:43 Error: [FatalErrorException] syntax error, unexpected '$this' (T_VARIABLE)
Request URL: /cakephp_admin/contacts
Stack Trace:
#0 /vagrant/cakephp_admin/lib/Cake/Error/ErrorHandler.php(213): ErrorHandler::handleFatalError(4, 'syntax error, u...', '/vagrant/cakeph...', 33)
#1 [internal function]: ErrorHandler::handleError(4, 'syntax error, u...', '/vagrant/cakeph...', 33, Array)
#2 /vagrant/cakephp_admin/lib/Cake/Core/App.php(933): call_user_func('ErrorHandler::h...', 4, 'syntax error, u...', '/vagrant/cakeph...', 33, Array)
#3 /vagrant/cakephp_admin/lib/Cake/Core/App.php(906): App::_checkFatalError()
#4 [internal function]: App::shutdown()
#5 {main}
2016-04-09 17:11:49 Error: Fatal Error (4): syntax error, unexpected '$this' (T_VARIABLE) in [/vagrant/cakephp_admin/app/Controller/HomesController.php, line 33]
2016-04-09 17:11:49 Error: [FatalErrorException] syntax error, unexpected '$this' (T_VARIABLE)
Request URL: /cakephp_admin/contacts
Stack Trace:
#0 /vagrant/cakephp_admin/lib/Cake/Error/ErrorHandler.php(213): ErrorHandler::handleFatalError(4, 'syntax error, u...', '/vagrant/cakeph...', 33)
#1 [internal function]: ErrorHandler::handleError(4, 'syntax error, u...', '/vagrant/cakeph...', 33, Array)
#2 /vagrant/cakephp_admin/lib/Cake/Core/App.php(933): call_user_func('ErrorHandler::h...', 4, 'syntax error, u...', '/vagrant/cakeph...', 33, Array)
#3 /vagrant/cakephp_admin/lib/Cake/Core/App.php(906): App::_checkFatalError()
#4 [internal function]: App::shutdown()
#5 {main}
2016-04-09 17:12:51 Error: Fatal Error (4): syntax error, unexpected '}' in [/vagrant/cakephp_admin/app/Controller/HomesController.php, line 34]
2016-04-09 17:12:51 Error: [FatalErrorException] syntax error, unexpected '}'
Request URL: /cakephp_admin/homes/detail/82
Stack Trace:
#0 /vagrant/cakephp_admin/lib/Cake/Error/ErrorHandler.php(213): ErrorHandler::handleFatalError(4, 'syntax error, u...', '/vagrant/cakeph...', 34)
#1 [internal function]: ErrorHandler::handleError(4, 'syntax error, u...', '/vagrant/cakeph...', 34, Array)
#2 /vagrant/cakephp_admin/lib/Cake/Core/App.php(933): call_user_func('ErrorHandler::h...', 4, 'syntax error, u...', '/vagrant/cakeph...', 34, Array)
#3 /vagrant/cakephp_admin/lib/Cake/Core/App.php(906): App::_checkFatalError()
#4 [internal function]: App::shutdown()
#5 {main}
2016-04-09 17:28:48 Error: [MissingControllerException] Controller class ContactsController could not be found.
Exception Attributes: array (
  'class' => 'ContactsController',
  'plugin' => NULL,
)
Request URL: /cakephp_admin/contacts/detail/a
Stack Trace:
#0 /vagrant/cakephp_admin/app/webroot/index.php(118): Dispatcher->dispatch(Object(CakeRequest), Object(CakeResponse))
#1 {main}
2016-04-09 17:28:56 Error: [MissingControllerException] Controller class ContactsController could not be found.
Exception Attributes: array (
  'class' => 'ContactsController',
  'plugin' => NULL,
)
Request URL: /cakephp_admin/contacts/detail/bbb
Stack Trace:
#0 /vagrant/cakephp_admin/app/webroot/index.php(118): Dispatcher->dispatch(Object(CakeRequest), Object(CakeResponse))
#1 {main}
2016-04-09 17:29:00 Error: [MissingControllerException] Controller class ContactsController could not be found.
Exception Attributes: array (
  'class' => 'ContactsController',
  'plugin' => NULL,
)
Request URL: /cakephp_admin/contacts/detai
Stack Trace:
#0 /vagrant/cakephp_admin/app/webroot/index.php(118): Dispatcher->dispatch(Object(CakeRequest), Object(CakeResponse))
#1 {main}
2016-04-09 17:29:48 Error: [MissingControllerException] Controller class ContactsController could not be found.
Exception Attributes: array (
  'class' => 'ContactsController',
  'plugin' => NULL,
)
Request URL: /cakephp_admin/contacts/detail
Stack Trace:
#0 /vagrant/cakephp_admin/app/webroot/index.php(118): Dispatcher->dispatch(Object(CakeRequest), Object(CakeResponse))
#1 {main}
2016-04-09 17:29:55 Error: [MissingControllerException] Controller class ContactsController could not be found.
Exception Attributes: array (
  'class' => 'ContactsController',
  'plugin' => NULL,
)
Request URL: /cakephp_admin/contacts/det
Stack Trace:
#0 /vagrant/cakephp_admin/app/webroot/index.php(118): Dispatcher->dispatch(Object(CakeRequest), Object(CakeResponse))
#1 {main}
2016-04-09 17:30:02 Error: [MissingControllerException] Controller class ContactsController could not be found.
Exception Attributes: array (
  'class' => 'ContactsController',
  'plugin' => NULL,
)
Request URL: /cakephp_admin/contacts/detail/
Stack Trace:
#0 /vagrant/cakephp_admin/app/webroot/index.php(118): Dispatcher->dispatch(Object(CakeRequest), Object(CakeResponse))
#1 {main}
2016-04-09 17:31:03 Error: [MissingControllerException] Controller class ContactsController could not be found.
Exception Attributes: array (
  'class' => 'ContactsController',
  'plugin' => NULL,
)
Request URL: /cakephp_admin/contacts/detail/home
Stack Trace:
#0 /vagrant/cakephp_admin/app/webroot/index.php(118): Dispatcher->dispatch(Object(CakeRequest), Object(CakeResponse))
#1 {main}
2016-04-09 17:31:19 Error: [MissingControllerException] Controller class ContactsController could not be found.
Exception Attributes: array (
  'class' => 'ContactsController',
  'plugin' => NULL,
)
Request URL: /cakephp_admin/contacts/detail/home
Stack Trace:
#0 /vagrant/cakephp_admin/app/webroot/index.php(118): Dispatcher->dispatch(Object(CakeRequest), Object(CakeResponse))
#1 {main}
2016-04-09 17:32:32 Error: [MissingControllerException] Controller class ContactsController could not be found.
Exception Attributes: array (
  'class' => 'ContactsController',
  'plugin' => NULL,
)
Request URL: /cakephp_admin/contacts/detail/home
Stack Trace:
#0 /vagrant/cakephp_admin/app/webroot/index.php(118): Dispatcher->dispatch(Object(CakeRequest), Object(CakeResponse))
#1 {main}
